This is pdfTeX, Version 3.14159265-2.6-1.40.20 (TeX Live 2019/W32TeX) (preloaded format=pdflatex 2020.3.17)  20 MAY 2024 19:45
entering extended mode
 restricted \write18 enabled.
 %&-line parsing enabled.
**PresentacionClase.tex
(./PresentacionClase.tex
LaTeX2e <2020-02-02> patch level 5
L3 programming layer <2020-02-25>
(c:/texlive/2019/texmf-dist/tex/latex/beamer/beamer.cls
Document Class: beamer 2019/09/29 v3.57 A class for typesetting presentations
(c:/texlive/2019/texmf-dist/tex/latex/beamer/beamerbasemodes.sty
(c:/texlive/2019/texmf-dist/tex/latex/etoolbox/etoolbox.sty
Package: etoolbox 2019/09/21 v2.5h e-TeX tools for LaTeX (JAW)
\etb@tempcnta=\count167
)
\beamer@tempbox=\box45
\beamer@tempcount=\count168
\c@beamerpauses=\count169

(c:/texlive/2019/texmf-dist/tex/latex/beamer/beamerbasedecode.sty
\beamer@slideinframe=\count170
\beamer@minimum=\count171
\beamer@decode@box=\box46
)
\beamer@commentbox=\box47
\beamer@modecount=\count172
)
(c:/texlive/2019/texmf-dist/tex/generic/iftex/ifpdf.sty
Package: ifpdf 2019/10/25 v3.4 ifpdf legacy package. Use iftex instead.

(c:/texlive/2019/texmf-dist/tex/generic/iftex/iftex.sty
Package: iftex 2019/11/07 v1.0c TeX engine tests
))
\headdp=\dimen134
\footheight=\dimen135
\sidebarheight=\dimen136
\beamer@tempdim=\dimen137
\beamer@finalheight=\dimen138
\beamer@animht=\dimen139
\beamer@animdp=\dimen140
\beamer@animwd=\dimen141
\beamer@leftmargin=\dimen142
\beamer@rightmargin=\dimen143
\beamer@leftsidebar=\dimen144
\beamer@rightsidebar=\dimen145
\beamer@boxsize=\dimen146
\beamer@vboxoffset=\dimen147
\beamer@descdefault=\dimen148
\beamer@descriptionwidth=\dimen149
\beamer@lastskip=\skip47
\beamer@areabox=\box48
\beamer@animcurrent=\box49
\beamer@animshowbox=\box50
\beamer@sectionbox=\box51
\beamer@logobox=\box52
\beamer@linebox=\box53
\beamer@sectioncount=\count173
\beamer@subsubsectionmax=\count174
\beamer@subsectionmax=\count175
\beamer@sectionmax=\count176
\beamer@totalheads=\count177
\beamer@headcounter=\count178
\beamer@partstartpage=\count179
\beamer@sectionstartpage=\count180
\beamer@subsectionstartpage=\count181
\beamer@animationtempa=\count182
\beamer@animationtempb=\count183
\beamer@xpos=\count184
\beamer@ypos=\count185
\beamer@ypos@offset=\count186
\beamer@showpartnumber=\count187
\beamer@currentsubsection=\count188
\beamer@coveringdepth=\count189
\beamer@sectionadjust=\count190
\beamer@tocsectionnumber=\count191

(c:/texlive/2019/texmf-dist/tex/latex/beamer/beamerbaseoptions.sty
(c:/texlive/2019/texmf-dist/tex/latex/graphics/keyval.sty
Package: keyval 2014/10/28 v1.15 key=value parser (DPC)
\KV@toks@=\toks15
))
\beamer@paperwidth=\skip48
\beamer@paperheight=\skip49

(c:/texlive/2019/texmf-dist/tex/latex/geometry/geometry.sty
Package: geometry 2020/01/02 v5.9 Page Geometry

(c:/texlive/2019/texmf-dist/tex/generic/iftex/ifvtex.sty
Package: ifvtex 2019/10/25 v1.7 ifvtex legacy package. Use iftex instead.
)
\Gm@cnth=\count192
\Gm@cntv=\count193
\c@Gm@tempcnt=\count194
\Gm@bindingoffset=\dimen150
\Gm@wd@mp=\dimen151
\Gm@odd@mp=\dimen152
\Gm@even@mp=\dimen153
\Gm@layoutwidth=\dimen154
\Gm@layoutheight=\dimen155
\Gm@layouthoffset=\dimen156
\Gm@layoutvoffset=\dimen157
\Gm@dimlist=\toks16
)
(c:/texlive/2019/texmf-dist/tex/latex/base/size10.clo
File: size10.clo 2019/12/20 v1.4l Standard LaTeX file (size option)
)
(c:/texlive/2019/texmf-dist/tex/latex/pgf/basiclayer/pgfcore.sty
(c:/texlive/2019/texmf-dist/tex/latex/graphics/graphicx.sty
Package: graphicx 2019/11/30 v1.2a Enhanced LaTeX Graphics (DPC,SPQR)

(c:/texlive/2019/texmf-dist/tex/latex/graphics/graphics.sty
Package: graphics 2019/11/30 v1.4a Standard LaTeX Graphics (DPC,SPQR)

(c:/texlive/2019/texmf-dist/tex/latex/graphics/trig.sty
Package: trig 2016/01/03 v1.10 sin cos tan (DPC)
)
(c:/texlive/2019/texmf-dist/tex/latex/graphics-cfg/graphics.cfg
File: graphics.cfg 2016/06/04 v1.11 sample graphics configuration
)
Package graphics Info: Driver file: pdftex.def on input line 105.

(c:/texlive/2019/texmf-dist/tex/latex/graphics-def/pdftex.def
File: pdftex.def 2018/01/08 v1.0l Graphics/color driver for pdftex
))
\Gin@req@height=\dimen158
\Gin@req@width=\dimen159
)
(c:/texlive/2019/texmf-dist/tex/latex/pgf/systemlayer/pgfsys.sty
(c:/texlive/2019/texmf-dist/tex/latex/pgf/utilities/pgfrcs.sty
(c:/texlive/2019/texmf-dist/tex/generic/pgf/utilities/pgfutil-common.tex
\pgfutil@everybye=\toks17
\pgfutil@tempdima=\dimen160
\pgfutil@tempdimb=\dimen161

(c:/texlive/2019/texmf-dist/tex/generic/pgf/utilities/pgfutil-common-lists.tex)
) (c:/texlive/2019/texmf-dist/tex/generic/pgf/utilities/pgfutil-latex.def
\pgfutil@abb=\box54

(c:/texlive/2019/texmf-dist/tex/latex/ms/everyshi.sty
Package: everyshi 2001/05/15 v3.00 EveryShipout Package (MS)
))
(c:/texlive/2019/texmf-dist/tex/generic/pgf/utilities/pgfrcs.code.tex
(c:/texlive/2019/texmf-dist/tex/generic/pgf/pgf.revision.tex)
Package: pgfrcs 2020/01/08 v3.1.5b (3.1.5b)
))
(c:/texlive/2019/texmf-dist/tex/generic/pgf/systemlayer/pgfsys.code.tex
Package: pgfsys 2020/01/08 v3.1.5b (3.1.5b)

(c:/texlive/2019/texmf-dist/tex/generic/pgf/utilities/pgfkeys.code.tex
\pgfkeys@pathtoks=\toks18
\pgfkeys@temptoks=\toks19

(c:/texlive/2019/texmf-dist/tex/generic/pgf/utilities/pgfkeysfiltered.code.tex
\pgfkeys@tmptoks=\toks20
))
\pgf@x=\dimen162
\pgf@y=\dimen163
\pgf@xa=\dimen164
\pgf@ya=\dimen165
\pgf@xb=\dimen166
\pgf@yb=\dimen167
\pgf@xc=\dimen168
\pgf@yc=\dimen169
\pgf@xd=\dimen170
\pgf@yd=\dimen171
\w@pgf@writea=\write3
\r@pgf@reada=\read2
\c@pgf@counta=\count195
\c@pgf@countb=\count196
\c@pgf@countc=\count197
\c@pgf@countd=\count198
\t@pgf@toka=\toks21
\t@pgf@tokb=\toks22
\t@pgf@tokc=\toks23
\pgf@sys@id@count=\count199
 (c:/texlive/2019/texmf-dist/tex/generic/pgf/systemlayer/pgf.cfg
File: pgf.cfg 2020/01/08 v3.1.5b (3.1.5b)
)
Driver file for pgf: pgfsys-pdftex.def

(c:/texlive/2019/texmf-dist/tex/generic/pgf/systemlayer/pgfsys-pdftex.def
File: pgfsys-pdftex.def 2020/01/08 v3.1.5b (3.1.5b)

(c:/texlive/2019/texmf-dist/tex/generic/pgf/systemlayer/pgfsys-common-pdf.def
File: pgfsys-common-pdf.def 2020/01/08 v3.1.5b (3.1.5b)
)))
(c:/texlive/2019/texmf-dist/tex/generic/pgf/systemlayer/pgfsyssoftpath.code.tex
File: pgfsyssoftpath.code.tex 2020/01/08 v3.1.5b (3.1.5b)
\pgfsyssoftpath@smallbuffer@items=\count266
\pgfsyssoftpath@bigbuffer@items=\count267
)
(c:/texlive/2019/texmf-dist/tex/generic/pgf/systemlayer/pgfsysprotocol.code.tex
File: pgfsysprotocol.code.tex 2020/01/08 v3.1.5b (3.1.5b)
)) (c:/texlive/2019/texmf-dist/tex/latex/xcolor/xcolor.sty
Package: xcolor 2016/05/11 v2.12 LaTeX color extensions (UK)

(c:/texlive/2019/texmf-dist/tex/latex/graphics-cfg/color.cfg
File: color.cfg 2016/01/02 v1.6 sample color configuration
)
Package xcolor Info: Driver file: pdftex.def on input line 225.
Package xcolor Info: Model `cmy' substituted by `cmy0' on input line 1348.
Package xcolor Info: Model `hsb' substituted by `rgb' on input line 1352.
Package xcolor Info: Model `RGB' extended on input line 1364.
Package xcolor Info: Model `HTML' substituted by `rgb' on input line 1366.
Package xcolor Info: Model `Hsb' substituted by `hsb' on input line 1367.
Package xcolor Info: Model `tHsb' substituted by `hsb' on input line 1368.
Package xcolor Info: Model `HSB' substituted by `hsb' on input line 1369.
Package xcolor Info: Model `Gray' substituted by `gray' on input line 1370.
Package xcolor Info: Model `wave' substituted by `hsb' on input line 1371.
)
(c:/texlive/2019/texmf-dist/tex/generic/pgf/basiclayer/pgfcore.code.tex
Package: pgfcore 2020/01/08 v3.1.5b (3.1.5b)

(c:/texlive/2019/texmf-dist/tex/generic/pgf/math/pgfmath.code.tex
(c:/texlive/2019/texmf-dist/tex/generic/pgf/math/pgfmathcalc.code.tex
(c:/texlive/2019/texmf-dist/tex/generic/pgf/math/pgfmathutil.code.tex)
(c:/texlive/2019/texmf-dist/tex/generic/pgf/math/pgfmathparser.code.tex
\pgfmath@dimen=\dimen172
\pgfmath@count=\count268
\pgfmath@box=\box55
\pgfmath@toks=\toks24
\pgfmath@stack@operand=\toks25
\pgfmath@stack@operation=\toks26
)
(c:/texlive/2019/texmf-dist/tex/generic/pgf/math/pgfmathfunctions.code.tex
(c:/texlive/2019/texmf-dist/tex/generic/pgf/math/pgfmathfunctions.basic.code.te
x)
(c:/texlive/2019/texmf-dist/tex/generic/pgf/math/pgfmathfunctions.trigonometric
.code.tex)
(c:/texlive/2019/texmf-dist/tex/generic/pgf/math/pgfmathfunctions.random.code.t
ex)
(c:/texlive/2019/texmf-dist/tex/generic/pgf/math/pgfmathfunctions.comparison.co
de.tex)
(c:/texlive/2019/texmf-dist/tex/generic/pgf/math/pgfmathfunctions.base.code.tex
)
(c:/texlive/2019/texmf-dist/tex/generic/pgf/math/pgfmathfunctions.round.code.te
x)
(c:/texlive/2019/texmf-dist/tex/generic/pgf/math/pgfmathfunctions.misc.code.tex
)
(c:/texlive/2019/texmf-dist/tex/generic/pgf/math/pgfmathfunctions.integerarithm
etics.code.tex)))
(c:/texlive/2019/texmf-dist/tex/generic/pgf/math/pgfmathfloat.code.tex
\c@pgfmathroundto@lastzeros=\count269
))
(c:/texlive/2019/texmf-dist/tex/generic/pgf/math/pgfint.code.tex)
(c:/texlive/2019/texmf-dist/tex/generic/pgf/basiclayer/pgfcorepoints.code.tex
File: pgfcorepoints.code.tex 2020/01/08 v3.1.5b (3.1.5b)
\pgf@picminx=\dimen173
\pgf@picmaxx=\dimen174
\pgf@picminy=\dimen175
\pgf@picmaxy=\dimen176
\pgf@pathminx=\dimen177
\pgf@pathmaxx=\dimen178
\pgf@pathminy=\dimen179
\pgf@pathmaxy=\dimen180
\pgf@xx=\dimen181
\pgf@xy=\dimen182
\pgf@yx=\dimen183
\pgf@yy=\dimen184
\pgf@zx=\dimen185
\pgf@zy=\dimen186
)
(c:/texlive/2019/texmf-dist/tex/generic/pgf/basiclayer/pgfcorepathconstruct.cod
e.tex
File: pgfcorepathconstruct.code.tex 2020/01/08 v3.1.5b (3.1.5b)
\pgf@path@lastx=\dimen187
\pgf@path@lasty=\dimen188
)
(c:/texlive/2019/texmf-dist/tex/generic/pgf/basiclayer/pgfcorepathusage.code.te
x
File: pgfcorepathusage.code.tex 2020/01/08 v3.1.5b (3.1.5b)
\pgf@shorten@end@additional=\dimen189
\pgf@shorten@start@additional=\dimen190
)
(c:/texlive/2019/texmf-dist/tex/generic/pgf/basiclayer/pgfcorescopes.code.tex
File: pgfcorescopes.code.tex 2020/01/08 v3.1.5b (3.1.5b)
\pgfpic=\box56
\pgf@hbox=\box57
\pgf@layerbox@main=\box58
\pgf@picture@serial@count=\count270
)
(c:/texlive/2019/texmf-dist/tex/generic/pgf/basiclayer/pgfcoregraphicstate.code
.tex
File: pgfcoregraphicstate.code.tex 2020/01/08 v3.1.5b (3.1.5b)
\pgflinewidth=\dimen191
)
(c:/texlive/2019/texmf-dist/tex/generic/pgf/basiclayer/pgfcoretransformations.c
ode.tex
File: pgfcoretransformations.code.tex 2020/01/08 v3.1.5b (3.1.5b)
\pgf@pt@x=\dimen192
\pgf@pt@y=\dimen193
\pgf@pt@temp=\dimen194
)
(c:/texlive/2019/texmf-dist/tex/generic/pgf/basiclayer/pgfcorequick.code.tex
File: pgfcorequick.code.tex 2020/01/08 v3.1.5b (3.1.5b)
)
(c:/texlive/2019/texmf-dist/tex/generic/pgf/basiclayer/pgfcoreobjects.code.tex
File: pgfcoreobjects.code.tex 2020/01/08 v3.1.5b (3.1.5b)
)
(c:/texlive/2019/texmf-dist/tex/generic/pgf/basiclayer/pgfcorepathprocessing.co
de.tex
File: pgfcorepathprocessing.code.tex 2020/01/08 v3.1.5b (3.1.5b)
)
(c:/texlive/2019/texmf-dist/tex/generic/pgf/basiclayer/pgfcorearrows.code.tex
File: pgfcorearrows.code.tex 2020/01/08 v3.1.5b (3.1.5b)
\pgfarrowsep=\dimen195
)
(c:/texlive/2019/texmf-dist/tex/generic/pgf/basiclayer/pgfcoreshade.code.tex
File: pgfcoreshade.code.tex 2020/01/08 v3.1.5b (3.1.5b)
\pgf@max=\dimen196
\pgf@sys@shading@range@num=\count271
\pgf@shadingcount=\count272
)
(c:/texlive/2019/texmf-dist/tex/generic/pgf/basiclayer/pgfcoreimage.code.tex
File: pgfcoreimage.code.tex 2020/01/08 v3.1.5b (3.1.5b)

(c:/texlive/2019/texmf-dist/tex/generic/pgf/basiclayer/pgfcoreexternal.code.tex
File: pgfcoreexternal.code.tex 2020/01/08 v3.1.5b (3.1.5b)
\pgfexternal@startupbox=\box59
))
(c:/texlive/2019/texmf-dist/tex/generic/pgf/basiclayer/pgfcorelayers.code.tex
File: pgfcorelayers.code.tex 2020/01/08 v3.1.5b (3.1.5b)
)
(c:/texlive/2019/texmf-dist/tex/generic/pgf/basiclayer/pgfcoretransparency.code
.tex
File: pgfcoretransparency.code.tex 2020/01/08 v3.1.5b (3.1.5b)
)
(c:/texlive/2019/texmf-dist/tex/generic/pgf/basiclayer/pgfcorepatterns.code.tex
File: pgfcorepatterns.code.tex 2020/01/08 v3.1.5b (3.1.5b)
) (c:/texlive/2019/texmf-dist/tex/generic/pgf/basiclayer/pgfcorerdf.code.tex
File: pgfcorerdf.code.tex 2020/01/08 v3.1.5b (3.1.5b)
))) (c:/texlive/2019/texmf-dist/tex/latex/pgf/utilities/xxcolor.sty
Package: xxcolor 2003/10/24 ver 0.1
\XC@nummixins=\count273
\XC@countmixins=\count274
)
(c:/texlive/2019/texmf-dist/tex/generic/atbegshi/atbegshi.sty
Package: atbegshi 2019/12/05 v1.19 At begin shipout hook (HO)

(c:/texlive/2019/texmf-dist/tex/generic/infwarerr/infwarerr.sty
Package: infwarerr 2019/12/03 v1.5 Providing info/warning/error messages (HO)
)
(c:/texlive/2019/texmf-dist/tex/generic/ltxcmds/ltxcmds.sty
Package: ltxcmds 2019/12/15 v1.24 LaTeX kernel commands for general use (HO)
))
(c:/texlive/2019/texmf-dist/tex/latex/hyperref/hyperref.sty
Package: hyperref 2020/01/14 v7.00d Hypertext links for LaTeX

(c:/texlive/2019/texmf-dist/tex/latex/pdftexcmds/pdftexcmds.sty
Package: pdftexcmds 2019/11/24 v0.31 Utility functions of pdfTeX for LuaTeX (HO
)
Package pdftexcmds Info: \pdf@primitive is available.
Package pdftexcmds Info: \pdf@ifprimitive is available.
Package pdftexcmds Info: \pdfdraftmode found.
)
(c:/texlive/2019/texmf-dist/tex/generic/kvsetkeys/kvsetkeys.sty
Package: kvsetkeys 2019/12/15 v1.18 Key value parser (HO)
)
(c:/texlive/2019/texmf-dist/tex/generic/kvdefinekeys/kvdefinekeys.sty
Package: kvdefinekeys 2019-12-19 v1.6 Define keys (HO)
)
(c:/texlive/2019/texmf-dist/tex/generic/pdfescape/pdfescape.sty
Package: pdfescape 2019/12/09 v1.15 Implements pdfTeX's escape features (HO)
)
(c:/texlive/2019/texmf-dist/tex/latex/hycolor/hycolor.sty
Package: hycolor 2020-01-27 v1.10 Color options for hyperref/bookmark (HO)
)
(c:/texlive/2019/texmf-dist/tex/latex/letltxmacro/letltxmacro.sty
Package: letltxmacro 2019/12/03 v1.6 Let assignment for LaTeX macros (HO)
)
(c:/texlive/2019/texmf-dist/tex/latex/auxhook/auxhook.sty
Package: auxhook 2019-12-17 v1.6 Hooks for auxiliary files (HO)
)
(c:/texlive/2019/texmf-dist/tex/latex/kvoptions/kvoptions.sty
Package: kvoptions 2019/11/29 v3.13 Key value format for package options (HO)
)
\@linkdim=\dimen197
\Hy@linkcounter=\count275
\Hy@pagecounter=\count276

(c:/texlive/2019/texmf-dist/tex/latex/hyperref/pd1enc.def
File: pd1enc.def 2020/01/14 v7.00d Hyperref: PDFDocEncoding definition (HO)
Now handling font encoding PD1 ...
... no UTF-8 mapping file for font encoding PD1
)
(c:/texlive/2019/texmf-dist/tex/generic/intcalc/intcalc.sty
Package: intcalc 2019/12/15 v1.3 Expandable calculations with integers (HO)
)
(c:/texlive/2019/texmf-dist/tex/generic/etexcmds/etexcmds.sty
Package: etexcmds 2019/12/15 v1.7 Avoid name clashes with e-TeX commands (HO)
)
\Hy@SavedSpaceFactor=\count277
\pdfmajorversion=\count278
Package hyperref Info: Option `bookmarks' set `true' on input line 4421.
Package hyperref Info: Option `bookmarksopen' set `true' on input line 4421.
Package hyperref Info: Option `implicit' set `false' on input line 4421.
Package hyperref Info: Hyper figures OFF on input line 4547.
Package hyperref Info: Link nesting OFF on input line 4552.
Package hyperref Info: Hyper index ON on input line 4555.
Package hyperref Info: Plain pages OFF on input line 4562.
Package hyperref Info: Backreferencing OFF on input line 4567.
Package hyperref Info: Implicit mode OFF; no redefinition of LaTeX internals.
Package hyperref Info: Bookmarks ON on input line 4800.
\c@Hy@tempcnt=\count279

(c:/texlive/2019/texmf-dist/tex/latex/url/url.sty
\Urlmuskip=\muskip16
Package: url 2013/09/16  ver 3.4  Verb mode for urls, etc.
)
LaTeX Info: Redefining \url on input line 5159.
\XeTeXLinkMargin=\dimen198

(c:/texlive/2019/texmf-dist/tex/generic/bitset/bitset.sty
Package: bitset 2019/12/09 v1.3 Handle bit-vector datatype (HO)

(c:/texlive/2019/texmf-dist/tex/generic/bigintcalc/bigintcalc.sty
Package: bigintcalc 2019/12/15 v1.5 Expandable calculations on big integers (HO
)
))
\Fld@menulength=\count280
\Field@Width=\dimen199
\Fld@charsize=\dimen256
Package hyperref Info: Hyper figures OFF on input line 6430.
Package hyperref Info: Link nesting OFF on input line 6435.
Package hyperref Info: Hyper index ON on input line 6438.
Package hyperref Info: backreferencing OFF on input line 6445.
Package hyperref Info: Link coloring OFF on input line 6450.
Package hyperref Info: Link coloring with OCG OFF on input line 6455.
Package hyperref Info: PDF/A mode OFF on input line 6460.
LaTeX Info: Redefining \ref on input line 6500.
LaTeX Info: Redefining \pageref on input line 6504.
\Hy@abspage=\count281


Package hyperref Message: Stopped early.

)
Package hyperref Info: Driver (autodetected): hpdftex.
 (c:/texlive/2019/texmf-dist/tex/latex/hyperref/hpdftex.def
File: hpdftex.def 2020/01/14 v7.00d Hyperref driver for pdfTeX

(c:/texlive/2019/texmf-dist/tex/latex/atveryend/atveryend.sty
Package: atveryend 2019-12-11 v1.11 Hooks at the very end of document (HO)
)
\Fld@listcount=\count282
\c@bookmark@seq@number=\count283

(c:/texlive/2019/texmf-dist/tex/latex/rerunfilecheck/rerunfilecheck.sty
Package: rerunfilecheck 2019/12/05 v1.9 Rerun checks for auxiliary files (HO)

(c:/texlive/2019/texmf-dist/tex/generic/uniquecounter/uniquecounter.sty
Package: uniquecounter 2019/12/15 v1.4 Provide unlimited unique counter (HO)
)
Package uniquecounter Info: New unique counter `rerunfilecheck' on input line 2
86.
))
(c:/texlive/2019/texmf-dist/tex/latex/beamer/beamerbaserequires.sty
(c:/texlive/2019/texmf-dist/tex/latex/beamer/beamerbasecompatibility.sty)
(c:/texlive/2019/texmf-dist/tex/latex/beamer/beamerbasefont.sty
(c:/texlive/2019/texmf-dist/tex/latex/amsfonts/amssymb.sty
Package: amssymb 2013/01/14 v3.01 AMS font symbols

(c:/texlive/2019/texmf-dist/tex/latex/amsfonts/amsfonts.sty
Package: amsfonts 2013/01/14 v3.01 Basic AMSFonts support
\@emptytoks=\toks27
\symAMSa=\mathgroup4
\symAMSb=\mathgroup5
LaTeX Font Info:    Redeclaring math symbol \hbar on input line 98.
LaTeX Font Info:    Overwriting math alphabet `\mathfrak' in version `bold'
(Font)                  U/euf/m/n --> U/euf/b/n on input line 106.
))
(c:/texlive/2019/texmf-dist/tex/latex/sansmathaccent/sansmathaccent.sty
Package: sansmathaccent 2020/01/31

(c:/texlive/2019/texmf-dist/tex/latex/koma-script/scrlfile.sty
Package: scrlfile 2020/01/24 v3.29 KOMA-Script package (loading files)
)))
(c:/texlive/2019/texmf-dist/tex/latex/beamer/beamerbasetranslator.sty
(c:/texlive/2019/texmf-dist/tex/latex/translator/translator.sty
Package: translator 2019-05-31 v1.12a Easy translation of strings in LaTeX
))
(c:/texlive/2019/texmf-dist/tex/latex/beamer/beamerbasemisc.sty)
(c:/texlive/2019/texmf-dist/tex/latex/beamer/beamerbasetwoscreens.sty)
(c:/texlive/2019/texmf-dist/tex/latex/beamer/beamerbaseoverlay.sty
\beamer@argscount=\count284
\beamer@lastskipcover=\skip50
\beamer@trivlistdepth=\count285
)
(c:/texlive/2019/texmf-dist/tex/latex/beamer/beamerbasetitle.sty)
(c:/texlive/2019/texmf-dist/tex/latex/beamer/beamerbasesection.sty
\c@lecture=\count286
\c@part=\count287
\c@section=\count288
\c@subsection=\count289
\c@subsubsection=\count290
)
(c:/texlive/2019/texmf-dist/tex/latex/beamer/beamerbaseframe.sty
\beamer@framebox=\box60
\beamer@frametitlebox=\box61
\beamer@zoombox=\box62
\beamer@zoomcount=\count291
\beamer@zoomframecount=\count292
\beamer@frametextheight=\dimen257
\c@subsectionslide=\count293
\beamer@frametopskip=\skip51
\beamer@framebottomskip=\skip52
\beamer@frametopskipautobreak=\skip53
\beamer@framebottomskipautobreak=\skip54
\beamer@envbody=\toks28
\framewidth=\dimen258
\c@framenumber=\count294
)
(c:/texlive/2019/texmf-dist/tex/latex/beamer/beamerbaseverbatim.sty
\beamer@verbatimfileout=\write4
)
(c:/texlive/2019/texmf-dist/tex/latex/beamer/beamerbaseframesize.sty
\beamer@splitbox=\box63
\beamer@autobreakcount=\count295
\beamer@autobreaklastheight=\dimen259
\beamer@frametitletoks=\toks29
\beamer@framesubtitletoks=\toks30
)
(c:/texlive/2019/texmf-dist/tex/latex/beamer/beamerbaseframecomponents.sty
\beamer@footins=\box64
)
(c:/texlive/2019/texmf-dist/tex/latex/beamer/beamerbasecolor.sty)
(c:/texlive/2019/texmf-dist/tex/latex/beamer/beamerbasenotes.sty
\beamer@frameboxcopy=\box65
)
(c:/texlive/2019/texmf-dist/tex/latex/beamer/beamerbasetoc.sty)
(c:/texlive/2019/texmf-dist/tex/latex/beamer/beamerbasetemplates.sty
\beamer@sbttoks=\toks31

(c:/texlive/2019/texmf-dist/tex/latex/beamer/beamerbaseauxtemplates.sty
(c:/texlive/2019/texmf-dist/tex/latex/beamer/beamerbaseboxes.sty
\bmb@box=\box66
\bmb@colorbox=\box67
\bmb@boxshadow=\box68
\bmb@boxshadowball=\box69
\bmb@boxshadowballlarge=\box70
\bmb@temp=\dimen260
\bmb@dima=\dimen261
\bmb@dimb=\dimen262
\bmb@prevheight=\dimen263
)
\beamer@blockheadheight=\dimen264
))
(c:/texlive/2019/texmf-dist/tex/latex/beamer/beamerbaselocalstructure.sty
(c:/texlive/2019/texmf-dist/tex/latex/tools/enumerate.sty
Package: enumerate 2015/07/23 v3.00 enumerate extensions (DPC)
\@enLab=\toks32
)
\c@figure=\count296
\c@table=\count297
\abovecaptionskip=\skip55
\belowcaptionskip=\skip56
)
(c:/texlive/2019/texmf-dist/tex/latex/beamer/beamerbasenavigation.sty
\beamer@section@min@dim=\dimen265
)
(c:/texlive/2019/texmf-dist/tex/latex/beamer/beamerbasetheorems.sty
(c:/texlive/2019/texmf-dist/tex/latex/amsmath/amsmath.sty
Package: amsmath 2020/01/20 v2.17e AMS math features
\@mathmargin=\skip57

For additional information on amsmath, use the `?' option.
(c:/texlive/2019/texmf-dist/tex/latex/amsmath/amstext.sty
Package: amstext 2000/06/29 v2.01 AMS text

(c:/texlive/2019/texmf-dist/tex/latex/amsmath/amsgen.sty
File: amsgen.sty 1999/11/30 v2.0 generic functions
\@emptytoks=\toks33
\ex@=\dimen266
))
(c:/texlive/2019/texmf-dist/tex/latex/amsmath/amsbsy.sty
Package: amsbsy 1999/11/29 v1.2d Bold Symbols
\pmbraise@=\dimen267
)
(c:/texlive/2019/texmf-dist/tex/latex/amsmath/amsopn.sty
Package: amsopn 2016/03/08 v2.02 operator names
)
\inf@bad=\count298
LaTeX Info: Redefining \frac on input line 227.
\uproot@=\count299
\leftroot@=\count300
LaTeX Info: Redefining \overline on input line 389.
\classnum@=\count301
\DOTSCASE@=\count302
LaTeX Info: Redefining \ldots on input line 486.
LaTeX Info: Redefining \dots on input line 489.
LaTeX Info: Redefining \cdots on input line 610.
\Mathstrutbox@=\box71
\strutbox@=\box72
\big@size=\dimen268
LaTeX Font Info:    Redeclaring font encoding OML on input line 733.
LaTeX Font Info:    Redeclaring font encoding OMS on input line 734.
\macc@depth=\count303
\c@MaxMatrixCols=\count304
\dotsspace@=\muskip17
\c@parentequation=\count305
\dspbrk@lvl=\count306
\tag@help=\toks34
\row@=\count307
\column@=\count308
\maxfields@=\count309
\andhelp@=\toks35
\eqnshift@=\dimen269
\alignsep@=\dimen270
\tagshift@=\dimen271
\tagwidth@=\dimen272
\totwidth@=\dimen273
\lineht@=\dimen274
\@envbody=\toks36
\multlinegap=\skip58
\multlinetaggap=\skip59
\mathdisplay@stack=\toks37
LaTeX Info: Redefining \[ on input line 2859.
LaTeX Info: Redefining \] on input line 2860.
)
(c:/texlive/2019/texmf-dist/tex/latex/amscls/amsthm.sty
Package: amsthm 2017/10/31 v2.20.4
\thm@style=\toks38
\thm@bodyfont=\toks39
\thm@headfont=\toks40
\thm@notefont=\toks41
\thm@headpunct=\toks42
\thm@preskip=\skip60
\thm@postskip=\skip61
\thm@headsep=\skip62
\dth@everypar=\toks43
)
\c@theorem=\count310
)
(c:/texlive/2019/texmf-dist/tex/latex/beamer/beamerbasethemes.sty))
(c:/texlive/2019/texmf-dist/tex/latex/beamer/beamerthemedefault.sty
(c:/texlive/2019/texmf-dist/tex/latex/beamer/beamerfontthemedefault.sty)
(c:/texlive/2019/texmf-dist/tex/latex/beamer/beamercolorthemedefault.sty)
(c:/texlive/2019/texmf-dist/tex/latex/beamer/beamerinnerthemedefault.sty
\beamer@dima=\dimen275
\beamer@dimb=\dimen276
)
(c:/texlive/2019/texmf-dist/tex/latex/beamer/beamerouterthemedefault.sty)))
(./SetUp.tex (c:/texlive/2019/texmf-dist/tex/latex/beamer/beamerthemeBerlin.sty
(c:/texlive/2019/texmf-dist/tex/latex/beamer/beamerouterthememiniframes.sty)
(c:/texlive/2019/texmf-dist/tex/latex/beamer/beamercolorthemewhale.sty)
(c:/texlive/2019/texmf-dist/tex/latex/beamer/beamercolorthemeorchid.sty)
(c:/texlive/2019/texmf-dist/tex/latex/beamer/beamerinnerthemerectangles.sty))
(c:/texlive/2019/texmf-dist/tex/latex/beamer/beamerfontthemeserif.sty)
(c:/texlive/2019/texmf-dist/tex/latex/float/float.sty
Package: float 2001/11/08 v1.3d Float enhancements (AL)
\c@float@type=\count311
\float@exts=\toks44
\float@box=\box73
\@float@everytoks=\toks45
\@floatcapt=\box74
)
(c:/texlive/2019/texmf-dist/tex/latex/biblatex/biblatex.sty
Package: biblatex 2019/12/01 v3.14 programmable bibliographies (PK/MW)

(c:/texlive/2019/texmf-dist/tex/latex/logreq/logreq.sty
Package: logreq 2010/08/04 v1.0 xml request logger
\lrq@indent=\count312

(c:/texlive/2019/texmf-dist/tex/latex/logreq/logreq.def
File: logreq.def 2010/08/04 v1.0 logreq spec v1.0
))
(c:/texlive/2019/texmf-dist/tex/latex/base/ifthen.sty
Package: ifthen 2014/09/29 v1.1c Standard LaTeX ifthen package (DPC)
)
\c@tabx@nest=\count313
\c@listtotal=\count314
\c@listcount=\count315
\c@liststart=\count316
\c@liststop=\count317
\c@citecount=\count318
\c@citetotal=\count319
\c@multicitecount=\count320
\c@multicitetotal=\count321
\c@instcount=\count322
\c@maxnames=\count323
\c@minnames=\count324
\c@maxitems=\count325
\c@minitems=\count326
\c@citecounter=\count327
\c@maxcitecounter=\count328
\c@savedcitecounter=\count329
\c@uniquelist=\count330
\c@uniquename=\count331
\c@refsection=\count332
\c@refsegment=\count333
\c@maxextratitle=\count334
\c@maxextratitleyear=\count335
\c@maxextraname=\count336
\c@maxextradate=\count337
\c@maxextraalpha=\count338
\c@abbrvpenalty=\count339
\c@highnamepenalty=\count340
\c@lownamepenalty=\count341
\c@maxparens=\count342
\c@parenlevel=\count343
\blx@tempcnta=\count344
\blx@tempcntb=\count345
\blx@tempcntc=\count346
\blx@maxsection=\count347
\blx@maxsegment@0=\count348
\blx@notetype=\count349
\blx@parenlevel@text=\count350
\blx@parenlevel@foot=\count351
\blx@sectionciteorder@0=\count352
\blx@entrysetcounter=\count353
\labelnumberwidth=\skip63
\labelalphawidth=\skip64
\biblabelsep=\skip65
\bibitemsep=\skip66
\bibnamesep=\skip67
\bibinitsep=\skip68
\bibparsep=\skip69
\bibhang=\skip70
\blx@bcfin=\read3
\blx@bcfout=\write5
\blx@langwohyphens=\language85
\c@mincomprange=\count354
\c@maxcomprange=\count355
\c@mincompwidth=\count356
Package biblatex Info: Trying to load biblatex default data model...
Package biblatex Info: ... file 'blx-dm.def' found.

(c:/texlive/2019/texmf-dist/tex/latex/biblatex/blx-dm.def
File: blx-dm.def 2019/12/01 v3.14 biblatex localization (PK/MW)
)
Package biblatex Info: Trying to load biblatex style data model...
Package biblatex Info: ... file 'authoryear.dbx' not found.
Package biblatex Info: Trying to load biblatex custom data model...
Package biblatex Info: ... file 'biblatex-dm.cfg' not found.
\c@afterword=\count357
\c@savedafterword=\count358
\c@annotator=\count359
\c@savedannotator=\count360
\c@author=\count361
\c@savedauthor=\count362
\c@bookauthor=\count363
\c@savedbookauthor=\count364
\c@commentator=\count365
\c@savedcommentator=\count366
\c@editor=\count367
\c@savededitor=\count368
\c@editora=\count369
\c@savededitora=\count370
\c@editorb=\count371
\c@savededitorb=\count372
\c@editorc=\count373
\c@savededitorc=\count374
\c@foreword=\count375
\c@savedforeword=\count376
\c@holder=\count377
\c@savedholder=\count378
\c@introduction=\count379
\c@savedintroduction=\count380
\c@namea=\count381
\c@savednamea=\count382
\c@nameb=\count383
\c@savednameb=\count384
\c@namec=\count385
\c@savednamec=\count386
\c@translator=\count387
\c@savedtranslator=\count388
\c@shortauthor=\count389
\c@savedshortauthor=\count390
\c@shorteditor=\count391
\c@savedshorteditor=\count392
\c@labelname=\count393
\c@savedlabelname=\count394
\c@institution=\count395
\c@savedinstitution=\count396
\c@lista=\count397
\c@savedlista=\count398
\c@listb=\count399
\c@savedlistb=\count400
\c@listc=\count401
\c@savedlistc=\count402
\c@listd=\count403
\c@savedlistd=\count404
\c@liste=\count405
\c@savedliste=\count406
\c@listf=\count407
\c@savedlistf=\count408
\c@location=\count409
\c@savedlocation=\count410
\c@organization=\count411
\c@savedorganization=\count412
\c@origlocation=\count413
\c@savedoriglocation=\count414
\c@origpublisher=\count415
\c@savedorigpublisher=\count416
\c@publisher=\count417
\c@savedpublisher=\count418
\c@language=\count419
\c@savedlanguage=\count420
\c@origlanguage=\count421
\c@savedoriglanguage=\count422
\c@pageref=\count423
\c@savedpageref=\count424
\shorthandwidth=\skip71
\shortjournalwidth=\skip72
\shortserieswidth=\skip73
\shorttitlewidth=\skip74
\shortauthorwidth=\skip75
\shorteditorwidth=\skip76
\locallabelnumberwidth=\skip77
\locallabelalphawidth=\skip78
\localshorthandwidth=\skip79
\localshortjournalwidth=\skip80
\localshortserieswidth=\skip81
\localshorttitlewidth=\skip82
\localshortauthorwidth=\skip83
\localshorteditorwidth=\skip84
Package biblatex Info: Trying to load compatibility code...
Package biblatex Info: ... file 'blx-compat.def' found.

(c:/texlive/2019/texmf-dist/tex/latex/biblatex/blx-compat.def
File: blx-compat.def 2019/12/01 v3.14 biblatex compatibility (PK/MW)
)
Package biblatex Info: Trying to load BibTeX backend compatibility...
Package biblatex Info: ... file 'blx-bibtex.def' found.

(c:/texlive/2019/texmf-dist/tex/latex/biblatex/blx-bibtex.def
File: blx-bibtex.def 2019/12/01 v3.14 biblatex compatibility (PK/MW)


Package biblatex Warning: Using fall-back BibTeX(8) backend:
(biblatex)                functionality may be reduced/unavailable.

)
Package biblatex Info: Trying to load generic definitions...
Package biblatex Info: ... file 'biblatex.def' found.
 (c:/texlive/2019/texmf-dist/tex/latex/biblatex/biblatex.def
File: biblatex.def 2019/12/01 v3.14 biblatex compatibility (PK/MW)
\c@textcitecount=\count425
\c@textcitetotal=\count426
\c@textcitemaxnames=\count427
\c@biburlbigbreakpenalty=\count428
\c@biburlbreakpenalty=\count429
\c@biburlnumpenalty=\count430
\c@biburlucpenalty=\count431
\c@biburllcpenalty=\count432
\biburlbigskip=\muskip18
\biburlnumskip=\muskip19
\biburlucskip=\muskip20
\biburllcskip=\muskip21
\c@smartand=\count433
)
Package biblatex Info: Trying to load natbib compatibility...
Package biblatex Info: ... file 'blx-natbib.def' found.

(c:/texlive/2019/texmf-dist/tex/latex/biblatex/blx-natbib.def
File: blx-natbib.def 2019/12/01 v3.14 biblatex compatibility (PK/MW)
Package biblatex Info: Delimiter 'nameyeardelim' in context '' already defined,
 overwriting.
)
Package biblatex Info: Trying to load bibliography style 'authoryear'...
Package biblatex Info: ... file 'authoryear.bbx' found.

(c:/texlive/2019/texmf-dist/tex/latex/biblatex/bbx/authoryear.bbx
File: authoryear.bbx 2019/12/01 v3.14 biblatex bibliography style (PK/MW)
Package biblatex Info: Trying to load bibliography style 'standard'...
Package biblatex Info: ... file 'standard.bbx' found.

(c:/texlive/2019/texmf-dist/tex/latex/biblatex/bbx/standard.bbx
File: standard.bbx 2019/12/01 v3.14 biblatex bibliography style (PK/MW)
\c@bbx:relatedcount=\count434
\c@bbx:relatedtotal=\count435
))
Package biblatex Info: Trying to load citation style 'authoryear'...
Package biblatex Info: ... file 'authoryear.cbx' found.

(c:/texlive/2019/texmf-dist/tex/latex/biblatex/cbx/authoryear.cbx
File: authoryear.cbx 2019/12/01 v3.14 biblatex citation style (PK/MW)
Package biblatex Info: Redefining '\cite'.
Package biblatex Info: Redefining '\parencite'.
Package biblatex Info: Redefining '\footcite'.
Package biblatex Info: Redefining '\footcitetext'.
Package biblatex Info: Redefining '\smartcite'.
Package biblatex Info: Redefining '\textcite'.
Package biblatex Info: Redefining '\textcites'.
)
Package biblatex Info: Trying to load configuration file...
Package biblatex Info: ... file 'biblatex.cfg' found.

(c:/texlive/2019/texmf-dist/tex/latex/biblatex/biblatex.cfg
File: biblatex.cfg 
))
(c:/texlive/2019/texmf-dist/tex/latex/setspace/setspace.sty
Package: setspace 2011/12/19 v6.7a set line spacing
)
(c:/texlive/2019/texmf-dist/tex/latex/listings/listings.sty
\lst@mode=\count436
\lst@gtempboxa=\box75
\lst@token=\toks46
\lst@length=\count437
\lst@currlwidth=\dimen277
\lst@column=\count438
\lst@pos=\count439
\lst@lostspace=\dimen278
\lst@width=\dimen279
\lst@newlines=\count440
\lst@lineno=\count441
\lst@maxwidth=\dimen280

(c:/texlive/2019/texmf-dist/tex/latex/listings/lstmisc.sty
File: lstmisc.sty 2019/09/10 1.8c (Carsten Heinz)
\c@lstnumber=\count442
\lst@skipnumbers=\count443
\lst@framebox=\box76
)
(c:/texlive/2019/texmf-dist/tex/latex/listings/listings.cfg
File: listings.cfg 2019/09/10 1.8c listings configuration
))
Package: listings 2019/09/10 1.8c (Carsten Heinz)

(c:/texlive/2019/texmf-dist/tex/latex/base/inputenc.sty
Package: inputenc 2018/08/11 v1.3c Input encoding file
\inpenc@prehook=\toks47
\inpenc@posthook=\toks48
)
(c:/texlive/2019/texmf-dist/tex/generic/babel/babel.sty
Package: babel 2020/02/28 3.41 The Babel package

(c:/texlive/2019/texmf-dist/tex/generic/babel/switch.def
File: switch.def 2020/02/28 3.41 Babel switching mechanism
)
(c:/texlive/2019/texmf-dist/tex/generic/babel-spanish/spanish.ldf
Language: spanish.ldf 2016/03/03 v5.0p Spanish support from the babel system

(c:/texlive/2019/texmf-dist/tex/generic/babel/babel.def
File: babel.def 2020/02/28 3.41 Babel common definitions
\babel@savecnt=\count444
\U@D=\dimen281

(c:/texlive/2019/texmf-dist/tex/generic/babel/txtbabel.def)
\bbl@readstream=\read4
LaTeX Info: Redefining \textlatin on input line 2402.
\bbl@dirlevel=\count445
)
\es@quottoks=\toks49
\es@quotdepth=\count446
Package babel Info: Making " an active character on input line 561.
Package babel Info: Making . an active character on input line 662.
Package babel Info: Making < an active character on input line 707.
Package babel Info: Making > an active character on input line 707.
))
(c:/texlive/2019/texmf-dist/tex/latex/mathtools/mathtools.sty
Package: mathtools 2020/01/17 v1.23 mathematical typesetting tools

(c:/texlive/2019/texmf-dist/tex/latex/tools/calc.sty
Package: calc 2017/05/25 v4.3 Infix arithmetic (KKT,FJ)
\calc@Acount=\count447
\calc@Bcount=\count448
\calc@Adimen=\dimen282
\calc@Bdimen=\dimen283
\calc@Askip=\skip85
\calc@Bskip=\skip86
LaTeX Info: Redefining \setlength on input line 80.
LaTeX Info: Redefining \addtolength on input line 81.
\calc@Ccount=\count449
\calc@Cskip=\skip87
)
(c:/texlive/2019/texmf-dist/tex/latex/mathtools/mhsetup.sty
Package: mhsetup 2017/03/31 v1.3 programming setup (MH)
)
LaTeX Info: Thecontrolsequence`\('isalreadyrobust on input line 129.
LaTeX Info: Thecontrolsequence`\)'isalreadyrobust on input line 129.
LaTeX Info: Thecontrolsequence`\['isalreadyrobust on input line 129.
LaTeX Info: Thecontrolsequence`\]'isalreadyrobust on input line 129.
\g_MT_multlinerow_int=\count450
\l_MT_multwidth_dim=\dimen284
\origjot=\skip88
\l_MT_shortvdotswithinadjustabove_dim=\dimen285
\l_MT_shortvdotswithinadjustbelow_dim=\dimen286
\l_MT_above_intertext_sep=\dimen287
\l_MT_below_intertext_sep=\dimen288
\l_MT_above_shortintertext_sep=\dimen289
\l_MT_below_shortintertext_sep=\dimen290
)
(c:/texlive/2019/texmf-dist/tex/latex/tools/multicol.sty
Package: multicol 2019/12/09 v1.8y multicolumn formatting (FMi)
\c@tracingmulticols=\count451
\mult@box=\box77
\multicol@leftmargin=\dimen291
\c@unbalance=\count452
\c@collectmore=\count453
\doublecol@number=\count454
\multicoltolerance=\count455
\multicolpretolerance=\count456
\full@width=\dimen292
\page@free=\dimen293
\premulticols=\dimen294
\postmulticols=\dimen295
\multicolsep=\skip89
\multicolbaselineskip=\skip90
\partial@page=\box78
\last@line=\box79
\maxbalancingoverflow=\dimen296
\mult@rightbox=\box80
\mult@grightbox=\box81
\mult@gfirstbox=\box82
\mult@firstbox=\box83
\@tempa=\box84
\@tempa=\box85
\@tempa=\box86
\@tempa=\box87
\@tempa=\box88
\@tempa=\box89
\@tempa=\box90
\@tempa=\box91
\@tempa=\box92
\@tempa=\box93
\@tempa=\box94
\@tempa=\box95
\@tempa=\box96
\@tempa=\box97
\@tempa=\box98
\@tempa=\box99
\@tempa=\box100
\@tempa=\box101
\@tempa=\box102
\@tempa=\box103
\@tempa=\box104
\@tempa=\box105
\@tempa=\box106
\@tempa=\box107
\@tempa=\box108
\@tempa=\box109
\@tempa=\box110
\@tempa=\box111
\@tempa=\box112
\@tempa=\box113
\@tempa=\box114
\@tempa=\box115
\@tempa=\box116
\@tempa=\box117
\@tempa=\box118
\@tempa=\box119
\@tempa=\box120
\c@minrows=\count457
\c@columnbadness=\count458
\c@finalcolumnbadness=\count459
\last@try=\dimen297
\multicolovershoot=\dimen298
\multicolundershoot=\dimen299
\mult@nat@firstbox=\box121
\colbreak@box=\box122
\mc@col@check@num=\count460
)

Package hyperref Warning: Option `bookmarks' has already been used,
(hyperref)                setting the option has no effect on input line 65.

Package hyperref Info: Option `unicode' set `false' on input line 65.
Package hyperref Info: Option `pdftoolbar' set `true' on input line 65.
Package hyperref Info: Option `pdfmenubar' set `true' on input line 65.
Package hyperref Info: Option `pdffitwindow' set `false' on input line 65.
Package hyperref Info: Option `pdfnewwindow' set `true' on input line 65.
Package hyperref Info: Option `colorlinks' set `false' on input line 65.
)

Package biblatex Warning: 'babel/polyglossia' detected but 'csquotes' missing.
(biblatex)                Loading 'csquotes' recommended.

\@quotelevel=\count461
\@quotereset=\count462
(c:/texlive/2019/texmf-dist/tex/latex/l3backend/l3backend-pdfmode.def
File: l3backend-pdfmode.def 2020-02-23 L3 backend support: PDF mode
\l__kernel_color_stack_int=\count463
\l__pdf_internal_box=\box123
)
(./PresentacionClase.aux
LaTeX Info: Redefining \. on input line 31.
LaTeX Info: Redefining \% on input line 31.
)
\openout1 = `PresentacionClase.aux'.

LaTeX Font Info:    Checking defaults for OML/cmm/m/it on input line 8.
LaTeX Font Info:    ... okay on input line 8.
LaTeX Font Info:    Checking defaults for OMS/cmsy/m/n on input line 8.
LaTeX Font Info:    ... okay on input line 8.
LaTeX Font Info:    Checking defaults for OT1/cmr/m/n on input line 8.
LaTeX Font Info:    ... okay on input line 8.
LaTeX Font Info:    Checking defaults for T1/cmr/m/n on input line 8.
LaTeX Font Info:    ... okay on input line 8.
LaTeX Font Info:    Checking defaults for TS1/cmr/m/n on input line 8.
LaTeX Font Info:    ... okay on input line 8.
LaTeX Font Info:    Checking defaults for OMX/cmex/m/n on input line 8.
LaTeX Font Info:    ... okay on input line 8.
LaTeX Font Info:    Checking defaults for U/cmr/m/n on input line 8.
LaTeX Font Info:    ... okay on input line 8.
LaTeX Font Info:    Checking defaults for PD1/pdf/m/n on input line 8.
LaTeX Font Info:    ... okay on input line 8.

*geometry* driver: auto-detecting
*geometry* detected driver: pdftex
*geometry* verbose mode - [ preamble ] result:
* driver: pdftex
* paper: custom
* layout: <same size as paper>
* layoutoffset:(h,v)=(0.0pt,0.0pt)
* modes: includehead includefoot 
* h-part:(L,W,R)=(22.76219pt, 327.2068pt, 14.22636pt)
* v-part:(T,H,B)=(0.0pt, 273.14662pt, 0.0pt)
* \paperwidth=364.19536pt
* \paperheight=273.14662pt
* \textwidth=327.2068pt
* \textheight=244.6939pt
* \oddsidemargin=-49.5078pt
* \evensidemargin=-49.5078pt
* \topmargin=-72.26999pt
* \headheight=14.22636pt
* \headsep=0.0pt
* \topskip=10.0pt
* \footskip=14.22636pt
* \marginparwidth=3.0pt
* \marginparsep=11.0pt
* \columnsep=10.0pt
* \skip\footins=9.0pt plus 4.0pt minus 2.0pt
* \hoffset=0.0pt
* \voffset=0.0pt
* \mag=1000
* \@twocolumnfalse
* \@twosidefalse
* \@mparswitchfalse
* \@reversemarginfalse
* (1in=72.27pt=25.4mm, 1cm=28.453pt)

(c:/texlive/2019/texmf-dist/tex/context/base/mkii/supp-pdf.mkii
[Loading MPS to PDF converter (version 2006.09.02).]
\scratchcounter=\count464
\scratchdimen=\dimen300
\scratchbox=\box124
\nofMPsegments=\count465
\nofMParguments=\count466
\everyMPshowfont=\toks50
\MPscratchCnt=\count467
\MPscratchDim=\dimen301
\MPnumerator=\count468
\makeMPintoPDFobject=\count469
\everyMPtoPDFconversion=\toks51
) (c:/texlive/2019/texmf-dist/tex/latex/epstopdf-pkg/epstopdf-base.sty
Package: epstopdf-base 2020-01-24 v2.11 Base part for package epstopdf
Package epstopdf-base Info: Redefining graphics rule for `.eps' on input line 4
85.

(c:/texlive/2019/texmf-dist/tex/latex/latexconfig/epstopdf-sys.cfg
File: epstopdf-sys.cfg 2010/07/13 v1.3 Configuration of (r)epstopdf for TeX Liv
e
))
ABD: EveryShipout initializing macros
\AtBeginShipoutBox=\box125
Package hyperref Info: Link coloring OFF on input line 8.

(c:/texlive/2019/texmf-dist/tex/latex/hyperref/nameref.sty
Package: nameref 2019/09/16 v2.46 Cross-referencing by name of section

(c:/texlive/2019/texmf-dist/tex/latex/refcount/refcount.sty
Package: refcount 2019/12/15 v3.6 Data extraction from label references (HO)
)
(c:/texlive/2019/texmf-dist/tex/generic/gettitlestring/gettitlestring.sty
Package: gettitlestring 2019/12/15 v1.6 Cleanup title references (HO)
)
\c@section@level=\count470
)
LaTeX Info: Redefining \ref on input line 8.
LaTeX Info: Redefining \pageref on input line 8.
LaTeX Info: Redefining \nameref on input line 8.

(./PresentacionClase.out) (./PresentacionClase.out)
\@outlinefile=\write6
\openout6 = `PresentacionClase.out'.


(c:/texlive/2019/texmf-dist/tex/latex/translator/translator-basic-dictionary-En
glish.dict
Dictionary: translator-basic-dictionary, Language: English 
)
(c:/texlive/2019/texmf-dist/tex/latex/translator/translator-bibliography-dictio
nary-English.dict
Dictionary: translator-bibliography-dictionary, Language: English 
)
(c:/texlive/2019/texmf-dist/tex/latex/translator/translator-environment-diction
ary-English.dict
Dictionary: translator-environment-dictionary, Language: English 
)
(c:/texlive/2019/texmf-dist/tex/latex/translator/translator-months-dictionary-E
nglish.dict
Dictionary: translator-months-dictionary, Language: English 
)
(c:/texlive/2019/texmf-dist/tex/latex/translator/translator-numbers-dictionary-
English.dict
Dictionary: translator-numbers-dictionary, Language: English 
)
(c:/texlive/2019/texmf-dist/tex/latex/translator/translator-theorem-dictionary-
English.dict
Dictionary: translator-theorem-dictionary, Language: English 
)
Package biblatex Info: Trying to load language 'spanish'...
Package biblatex Info: ... file 'spanish.lbx' found.
 (c:/texlive/2019/texmf-dist/tex/latex/biblatex/lbx/spanish.lbx
File: spanish.lbx 2019/12/01 v3.14 biblatex localization (PK/MW)
)
Package biblatex Info: Input encoding 'utf8' detected.
Package biblatex Info: Automatic encoding selection.
(biblatex)             Assuming data encoding 'utf8'.
Package biblatex Info: Input encoding 'utf8' specified.
Package biblatex Info: Data encoding 'utf8' specified.
(biblatex)             No need to reencode data.
\openout5 = `PresentacionClase-blx.bib'.

Package biblatex Info: Trying to load bibliographic data...
Package biblatex Info: ... file 'PresentacionClase.bbl' found.

(./PresentacionClase.bbl)
Package biblatex Info: Reference section=0 on input line 8.
Package biblatex Info: Reference segment=0 on input line 8.
\c@lstlisting=\count471
LaTeX Info: Redefining \sptext on input line 8.
LaTeX Info: Redefining \. on input line 8.
LaTeX Info: Redefining \% on input line 8.
 (./PresentacionClase.nav)
<FondoUNAH.png, id=33, 1204.5pt x 632.3625pt>
File: FondoUNAH.png Graphic file (type png)
<use FondoUNAH.png>
Package pdftex.def Info: FondoUNAH.png  used on input line 12.
(pdftex.def)             Requested size: 364.20155pt x 273.14566pt.
 [1

{c:/texlive/2019/texmf-var/fonts/map/pdftex/updmap/pdftex.map} <./FondoUNAH.png
>]
(./PresentacionClase.toc
LaTeX Info: Redefining \sptext on input line 2.
LaTeX Info: Redefining \. on input line 2.
LaTeX Info: Redefining \% on input line 2.
)
File: FondoUNAH.png Graphic file (type png)
<use FondoUNAH.png>
Package pdftex.def Info: FondoUNAH.png  used on input line 15.
(pdftex.def)             Requested size: 364.20155pt x 273.14566pt.
 [2

] (./PrimeraUnidad.tex
LaTeX Font Info:    Trying to load font information for U+msa on input line 79.


(c:/texlive/2019/texmf-dist/tex/latex/amsfonts/umsa.fd
File: umsa.fd 2013/01/14 v3.01 AMS symbols A
)
LaTeX Font Info:    Trying to load font information for U+msb on input line 79.


(c:/texlive/2019/texmf-dist/tex/latex/amsfonts/umsb.fd
File: umsb.fd 2013/01/14 v3.01 AMS symbols B
)
<Imagen17.png, id=106, 258.10715pt x 215.08928pt>
File: Imagen17.png Graphic file (type png)
<use Imagen17.png>
Package pdftex.def Info: Imagen17.png  used on input line 79.
(pdftex.def)             Requested size: 129.05325pt x 107.54437pt.
<Imagen18.png, id=108, 258.10715pt x 215.08928pt>
File: Imagen18.png Graphic file (type png)
<use Imagen18.png>
Package pdftex.def Info: Imagen18.png  used on input line 79.
(pdftex.def)             Requested size: 103.24101pt x 86.03418pt.
<Imagen19.png, id=110, 258.10715pt x 215.08928pt>
File: Imagen19.png Graphic file (type png)
<use Imagen19.png>
Package pdftex.def Info: Imagen19.png  used on input line 79.
(pdftex.def)             Requested size: 180.67375pt x 150.56146pt.
File: FondoUNAH.png Graphic file (type png)
<use FondoUNAH.png>
Package pdftex.def Info: FondoUNAH.png  used on input line 79.
(pdftex.def)             Requested size: 364.20155pt x 273.14566pt.
 [3

]
File: FondoUNAH.png Graphic file (type png)
<use FondoUNAH.png>
Package pdftex.def Info: FondoUNAH.png  used on input line 79.
(pdftex.def)             Requested size: 364.20155pt x 273.14566pt.
 [4


 <./Imagen17.PNG>]
File: FondoUNAH.png Graphic file (type png)
<use FondoUNAH.png>
Package pdftex.def Info: FondoUNAH.png  used on input line 79.
(pdftex.def)             Requested size: 364.20155pt x 273.14566pt.
 [5


 <./Imagen18.PNG>]
File: FondoUNAH.png Graphic file (type png)
<use FondoUNAH.png>
Package pdftex.def Info: FondoUNAH.png  used on input line 79.
(pdftex.def)             Requested size: 364.20155pt x 273.14566pt.
 [6


 <./Imagen19.PNG>]
File: FondoUNAH.png Graphic file (type png)
<use FondoUNAH.png>
Package pdftex.def Info: FondoUNAH.png  used on input line 79.
(pdftex.def)             Requested size: 364.20155pt x 273.14566pt.
 [7


]
\openout4 = `PresentacionClase.vrb'.

 (./PresentacionClase.vrb
<Imagen20.png, id=262, 258.10715pt x 215.08928pt>
File: Imagen20.png Graphic file (type png)
<use Imagen20.png>
Package pdftex.def Info: Imagen20.png  used on input line 5.
(pdftex.def)             Requested size: 180.67375pt x 150.56146pt.

(c:/texlive/2019/texmf-dist/tex/latex/listings/lstlang1.sty
File: lstlang1.sty 2019/09/10 1.8c listings language file
)
(c:/texlive/2019/texmf-dist/tex/latex/listings/lstlang2.sty
File: lstlang2.sty 2019/09/10 1.8c listings language file
)
(c:/texlive/2019/texmf-dist/tex/latex/listings/lstlang3.sty
File: lstlang3.sty 2019/09/10 1.8c listings language file
)
(c:/texlive/2019/texmf-dist/tex/latex/listings/lstlang1.sty
File: lstlang1.sty 2019/09/10 1.8c listings language file
)
(c:/texlive/2019/texmf-dist/tex/latex/listings/lstlang2.sty
File: lstlang2.sty 2019/09/10 1.8c listings language file
)
(c:/texlive/2019/texmf-dist/tex/latex/listings/lstlang3.sty
File: lstlang3.sty 2019/09/10 1.8c listings language file
)
(c:/texlive/2019/texmf-dist/tex/latex/listings/lstlang1.sty
File: lstlang1.sty 2019/09/10 1.8c listings language file
)
(c:/texlive/2019/texmf-dist/tex/latex/listings/lstlang2.sty
File: lstlang2.sty 2019/09/10 1.8c listings language file
)
(c:/texlive/2019/texmf-dist/tex/latex/listings/lstlang3.sty
File: lstlang3.sty 2019/09/10 1.8c listings language file
)
(c:/texlive/2019/texmf-dist/tex/latex/listings/lstmisc.sty
File: lstmisc.sty 2019/09/10 1.8c (Carsten Heinz)
)
(c:/texlive/2019/texmf-dist/tex/latex/listings/lstlang1.sty
File: lstlang1.sty 2019/09/10 1.8c listings language file
)
LaTeX Font Info:    Trying to load font information for OML+cmr on input line 1
3.

(c:/texlive/2019/texmf-dist/tex/latex/base/omlcmr.fd
File: omlcmr.fd 2019/12/16 v2.5j Standard LaTeX font definitions
)
LaTeX Font Info:    Font shape `OML/cmr/m/n' in size <10> not available
(Font)              Font shape `OML/cmm/m/it' tried instead on input line 13.
LaTeX Font Info:    Trying to load font information for OMS+cmr on input line 1
6.

(c:/texlive/2019/texmf-dist/tex/latex/base/omscmr.fd
File: omscmr.fd 2019/12/16 v2.5j Standard LaTeX font definitions
)
LaTeX Font Info:    Font shape `OMS/cmr/m/n' in size <10> not available
(Font)              Font shape `OMS/cmsy/m/n' tried instead on input line 16.
)
File: FondoUNAH.png Graphic file (type png)
<use FondoUNAH.png>
Package pdftex.def Info: FondoUNAH.png  used on input line 245.
(pdftex.def)             Requested size: 364.20155pt x 273.14566pt.
 [8

 <./Imagen20.PNG>]
File: FondoUNAH.png Graphic file (type png)
<use FondoUNAH.png>
Package pdftex.def Info: FondoUNAH.png  used on input line 245.
(pdftex.def)             Requested size: 364.20155pt x 273.14566pt.

[9


]
File: FondoUNAH.png Graphic file (type png)
<use FondoUNAH.png>
Package pdftex.def Info: FondoUNAH.png  used on input line 245.
(pdftex.def)             Requested size: 364.20155pt x 273.14566pt.
 [10


]
File: FondoUNAH.png Graphic file (type png)
<use FondoUNAH.png>
Package pdftex.def Info: FondoUNAH.png  used on input line 245.
(pdftex.def)             Requested size: 364.20155pt x 273.14566pt.
 [11


]
File: FondoUNAH.png Graphic file (type png)
<use FondoUNAH.png>
Package pdftex.def Info: FondoUNAH.png  used on input line 245.
(pdftex.def)             Requested size: 364.20155pt x 273.14566pt.
 [12


]
File: FondoUNAH.png Graphic file (type png)
<use FondoUNAH.png>
Package pdftex.def Info: FondoUNAH.png  used on input line 245.
(pdftex.def)             Requested size: 364.20155pt x 273.14566pt.
 [13


]
File: FondoUNAH.png Graphic file (type png)
<use FondoUNAH.png>
Package pdftex.def Info: FondoUNAH.png  used on input line 245.
(pdftex.def)             Requested size: 364.20155pt x 273.14566pt.
 [14


]
File: FondoUNAH.png Graphic file (type png)
<use FondoUNAH.png>
Package pdftex.def Info: FondoUNAH.png  used on input line 245.
(pdftex.def)             Requested size: 364.20155pt x 273.14566pt.
 [15


]
File: FondoUNAH.png Graphic file (type png)
<use FondoUNAH.png>
Package pdftex.def Info: FondoUNAH.png  used on input line 245.
(pdftex.def)             Requested size: 364.20155pt x 273.14566pt.
 [16


]
File: FondoUNAH.png Graphic file (type png)
<use FondoUNAH.png>
Package pdftex.def Info: FondoUNAH.png  used on input line 245.
(pdftex.def)             Requested size: 364.20155pt x 273.14566pt.
 [17


]
File: FondoUNAH.png Graphic file (type png)
<use FondoUNAH.png>
Package pdftex.def Info: FondoUNAH.png  used on input line 245.
(pdftex.def)             Requested size: 364.20155pt x 273.14566pt.
 [18


]
File: FondoUNAH.png Graphic file (type png)
<use FondoUNAH.png>
Package pdftex.def Info: FondoUNAH.png  used on input line 245.
(pdftex.def)             Requested size: 364.20155pt x 273.14566pt.
 [19


]) (./SegundaUnidad.tex
File: FondoUNAH.png Graphic file (type png)
<use FondoUNAH.png>
Package pdftex.def Info: FondoUNAH.png  used on input line 19.
(pdftex.def)             Requested size: 364.20155pt x 273.14566pt.

[20

]
File: FondoUNAH.png Graphic file (type png)
<use FondoUNAH.png>
Package pdftex.def Info: FondoUNAH.png  used on input line 37.
(pdftex.def)             Requested size: 364.20155pt x 273.14566pt.
 [21

]
File: FondoUNAH.png Graphic file (type png)
<use FondoUNAH.png>
Package pdftex.def Info: FondoUNAH.png  used on input line 52.
(pdftex.def)             Requested size: 364.20155pt x 273.14566pt.
 [22

]
File: FondoUNAH.png Graphic file (type png)
<use FondoUNAH.png>
Package pdftex.def Info: FondoUNAH.png  used on input line 61.
(pdftex.def)             Requested size: 364.20155pt x 273.14566pt.
 [23

]
<Imagen21.png, id=693, 258.10715pt x 215.08928pt>
File: Imagen21.png Graphic file (type png)
<use Imagen21.png>
Package pdftex.def Info: Imagen21.png  used on input line 108.
(pdftex.def)             Requested size: 180.67375pt x 150.56146pt.
<Imagen22.png, id=694, 825.94286pt x 410.82054pt>
File: Imagen22.png Graphic file (type png)
<use Imagen22.png>
Package pdftex.def Info: Imagen22.png  used on input line 108.
(pdftex.def)             Requested size: 330.37129pt x 164.32529pt.

Overfull \hbox (3.16449pt too wide) in paragraph at lines 108--108
 [] 
 []

File: FondoUNAH.png Graphic file (type png)
<use FondoUNAH.png>
Package pdftex.def Info: FondoUNAH.png  used on input line 108.
(pdftex.def)             Requested size: 364.20155pt x 273.14566pt.
[24

 <./Imagen21.PNG>]
File: FondoUNAH.png Graphic file (type png)
<use FondoUNAH.png>
Package pdftex.def Info: FondoUNAH.png  used on input line 108.
(pdftex.def)             Requested size: 364.20155pt x 273.14566pt.
 [25


]
File: FondoUNAH.png Graphic file (type png)
<use FondoUNAH.png>
Package pdftex.def Info: FondoUNAH.png  used on input line 108.
(pdftex.def)             Requested size: 364.20155pt x 273.14566pt.
 [26


 <./Imagen22.PNG>]
File: FondoUNAH.png Graphic file (type png)
<use FondoUNAH.png>
Package pdftex.def Info: FondoUNAH.png  used on input line 108.
(pdftex.def)             Requested size: 364.20155pt x 273.14566pt.
 [27


]
File: FondoUNAH.png Graphic file (type png)
<use FondoUNAH.png>
Package pdftex.def Info: FondoUNAH.png  used on input line 108.
(pdftex.def)             Requested size: 364.20155pt x 273.14566pt.
 [28


]
<Imagen2.png, id=826, 258.10715pt x 215.08928pt>
File: Imagen2.png Graphic file (type png)
<use Imagen2.png>
Package pdftex.def Info: Imagen2.png  used on input line 266.
(pdftex.def)             Requested size: 141.95937pt x 118.29945pt.

Overfull \hbox (7.32678pt too wide) detected at line 266
[] [] \OT1/cmr/m/n/10 = []
 []

File: FondoUNAH.png Graphic file (type png)
<use FondoUNAH.png>
Package pdftex.def Info: FondoUNAH.png  used on input line 266.
(pdftex.def)             Requested size: 364.20155pt x 273.14566pt.
[29

 <./Imagen2.png>]
File: FondoUNAH.png Graphic file (type png)
<use FondoUNAH.png>
Package pdftex.def Info: FondoUNAH.png  used on input line 266.
(pdftex.def)             Requested size: 364.20155pt x 273.14566pt.
 [30


]
File: FondoUNAH.png Graphic file (type png)
<use FondoUNAH.png>
Package pdftex.def Info: FondoUNAH.png  used on input line 266.
(pdftex.def)             Requested size: 364.20155pt x 273.14566pt.
 [31


]
File: FondoUNAH.png Graphic file (type png)
<use FondoUNAH.png>
Package pdftex.def Info: FondoUNAH.png  used on input line 266.
(pdftex.def)             Requested size: 364.20155pt x 273.14566pt.
 [32


]
File: FondoUNAH.png Graphic file (type png)
<use FondoUNAH.png>
Package pdftex.def Info: FondoUNAH.png  used on input line 266.
(pdftex.def)             Requested size: 364.20155pt x 273.14566pt.
 [33


]

LaTeX Font Warning: Command \scriptsize invalid in math mode on input line 289.



Overfull \hbox (1.15701pt too wide) detected at line 289
[]
 []

File: FondoUNAH.png Graphic file (type png)
<use FondoUNAH.png>
Package pdftex.def Info: FondoUNAH.png  used on input line 289.
(pdftex.def)             Requested size: 364.20155pt x 273.14566pt.
[34

]

LaTeX Font Warning: Command \scriptsize invalid in math mode on input line 289.



Overfull \hbox (1.15701pt too wide) detected at line 289
[]
 []

File: FondoUNAH.png Graphic file (type png)
<use FondoUNAH.png>
Package pdftex.def Info: FondoUNAH.png  used on input line 289.
(pdftex.def)             Requested size: 364.20155pt x 273.14566pt.
[35

]

LaTeX Font Warning: Command \scriptsize invalid in math mode on input line 289.



Overfull \hbox (1.15701pt too wide) detected at line 289
[]
 []

File: FondoUNAH.png Graphic file (type png)
<use FondoUNAH.png>
Package pdftex.def Info: FondoUNAH.png  used on input line 289.
(pdftex.def)             Requested size: 364.20155pt x 273.14566pt.
[36

]

LaTeX Font Warning: Command \scriptsize invalid in math mode on input line 289.



Overfull \hbox (1.15701pt too wide) detected at line 289
[]
 []

File: FondoUNAH.png Graphic file (type png)
<use FondoUNAH.png>
Package pdftex.def Info: FondoUNAH.png  used on input line 289.
(pdftex.def)             Requested size: 364.20155pt x 273.14566pt.
[37

]

LaTeX Font Warning: Command \scriptsize invalid in math mode on input line 289.



Overfull \hbox (1.15701pt too wide) detected at line 289
[]
 []

File: FondoUNAH.png Graphic file (type png)
<use FondoUNAH.png>
Package pdftex.def Info: FondoUNAH.png  used on input line 289.
(pdftex.def)             Requested size: 364.20155pt x 273.14566pt.
[38

]

LaTeX Font Warning: Command \scriptsize invalid in math mode on input line 289.



Overfull \hbox (1.15701pt too wide) detected at line 289
[]
 []

File: FondoUNAH.png Graphic file (type png)
<use FondoUNAH.png>
Package pdftex.def Info: FondoUNAH.png  used on input line 289.
(pdftex.def)             Requested size: 364.20155pt x 273.14566pt.
[39

]
<Imagen62.png, id=1114, 258.10715pt x 215.08928pt>
File: Imagen62.png Graphic file (type png)
<use Imagen62.png>
Package pdftex.def Info: Imagen62.png  used on input line 378.
(pdftex.def)             Requested size: 154.86548pt x 129.05455pt.
<Imagen24.png, id=1116, 258.10715pt x 215.08928pt>
File: Imagen24.png Graphic file (type png)
<use Imagen24.png>
Package pdftex.def Info: Imagen24.png  used on input line 378.
(pdftex.def)             Requested size: 154.86548pt x 129.05455pt.

Overfull \hbox (5.60927pt too wide) detected at line 378
[][]
 []

File: FondoUNAH.png Graphic file (type png)
<use FondoUNAH.png>
Package pdftex.def Info: FondoUNAH.png  used on input line 378.
(pdftex.def)             Requested size: 364.20155pt x 273.14566pt.
[40

]
File: FondoUNAH.png Graphic file (type png)
<use FondoUNAH.png>
Package pdftex.def Info: FondoUNAH.png  used on input line 378.
(pdftex.def)             Requested size: 364.20155pt x 273.14566pt.
 [41


 <./Imagen62.png>]
File: FondoUNAH.png Graphic file (type png)
<use FondoUNAH.png>
Package pdftex.def Info: FondoUNAH.png  used on input line 378.
(pdftex.def)             Requested size: 364.20155pt x 273.14566pt.
 [42


]
File: FondoUNAH.png Graphic file (type png)
<use FondoUNAH.png>
Package pdftex.def Info: FondoUNAH.png  used on input line 378.
(pdftex.def)             Requested size: 364.20155pt x 273.14566pt.
 [43


 <./Imagen24.png>]
File: FondoUNAH.png Graphic file (type png)
<use FondoUNAH.png>
Package pdftex.def Info: FondoUNAH.png  used on input line 378.
(pdftex.def)             Requested size: 364.20155pt x 273.14566pt.
 [44


]
File: FondoUNAH.png Graphic file (type png)
<use FondoUNAH.png>
Package pdftex.def Info: FondoUNAH.png  used on input line 378.
(pdftex.def)             Requested size: 364.20155pt x 273.14566pt.
 [45


]
File: FondoUNAH.png Graphic file (type png)
<use FondoUNAH.png>
Package pdftex.def Info: FondoUNAH.png  used on input line 378.
(pdftex.def)             Requested size: 364.20155pt x 273.14566pt.
 [46


]
File: FondoUNAH.png Graphic file (type png)
<use FondoUNAH.png>
Package pdftex.def Info: FondoUNAH.png  used on input line 389.
(pdftex.def)             Requested size: 364.20155pt x 273.14566pt.
 [47

]
File: FondoUNAH.png Graphic file (type png)
<use FondoUNAH.png>
Package pdftex.def Info: FondoUNAH.png  used on input line 389.
(pdftex.def)             Requested size: 364.20155pt x 273.14566pt.

[48

]
File: FondoUNAH.png Graphic file (type png)
<use FondoUNAH.png>
Package pdftex.def Info: FondoUNAH.png  used on input line 389.
(pdftex.def)             Requested size: 364.20155pt x 273.14566pt.
 [49

]
File: FondoUNAH.png Graphic file (type png)
<use FondoUNAH.png>
Package pdftex.def Info: FondoUNAH.png  used on input line 389.
(pdftex.def)             Requested size: 364.20155pt x 273.14566pt.
 [50

]
File: FondoUNAH.png Graphic file (type png)
<use FondoUNAH.png>
Package pdftex.def Info: FondoUNAH.png  used on input line 389.
(pdftex.def)             Requested size: 364.20155pt x 273.14566pt.
 [51

]
File: FondoUNAH.png Graphic file (type png)
<use FondoUNAH.png>
Package pdftex.def Info: FondoUNAH.png  used on input line 399.
(pdftex.def)             Requested size: 364.20155pt x 273.14566pt.
 [52

]
File: FondoUNAH.png Graphic file (type png)
<use FondoUNAH.png>
Package pdftex.def Info: FondoUNAH.png  used on input line 399.
(pdftex.def)             Requested size: 364.20155pt x 273.14566pt.
 [53

]
<Imagen10.jpg, id=1480, 594.50679pt x 116.5784pt>
File: Imagen10.jpg Graphic file (type jpg)
<use Imagen10.jpg>
Package pdftex.def Info: Imagen10.jpg  used on input line 404.
(pdftex.def)             Requested size: 297.25266pt x 58.28905pt.
<Imagen12.jpg, id=1481, 422.86554pt x 218.96089pt>
File: Imagen12.jpg Graphic file (type jpg)
<use Imagen12.jpg>
Package pdftex.def Info: Imagen12.jpg  used on input line 404.
(pdftex.def)             Requested size: 211.43224pt x 109.48016pt.
File: FondoUNAH.png Graphic file (type png)
<use FondoUNAH.png>
Package pdftex.def Info: FondoUNAH.png  used on input line 404.
(pdftex.def)             Requested size: 364.20155pt x 273.14566pt.
 [54

 <./Imagen10.jpg> <./Imagen12.jpg>]
<Imagen9.jpg, id=1507, 596.65768pt x 120.88017pt>
File: Imagen9.jpg Graphic file (type jpg)
<use Imagen9.jpg>
Package pdftex.def Info: Imagen9.jpg  used on input line 415.
(pdftex.def)             Requested size: 238.65884pt x 48.3512pt.
<Imagen11.jpg, id=1508, 1284.8pt x 606.265pt>
File: Imagen11.jpg Graphic file (type jpg)
<use Imagen11.jpg>
Package pdftex.def Info: Imagen11.jpg  used on input line 415.
(pdftex.def)             Requested size: 256.95544pt x 121.25084pt.
File: FondoUNAH.png Graphic file (type png)
<use FondoUNAH.png>
Package pdftex.def Info: FondoUNAH.png  used on input line 415.
(pdftex.def)             Requested size: 364.20155pt x 273.14566pt.
 [55

 <./Imagen9.jpg> <./Imagen11.jpg>]
File: FondoUNAH.png Graphic file (type png)
<use FondoUNAH.png>
Package pdftex.def Info: FondoUNAH.png  used on input line 429.
(pdftex.def)             Requested size: 364.20155pt x 273.14566pt.
 [56

]
File: FondoUNAH.png Graphic file (type png)
<use FondoUNAH.png>
Package pdftex.def Info: FondoUNAH.png  used on input line 429.
(pdftex.def)             Requested size: 364.20155pt x 273.14566pt.
 [57

]
File: FondoUNAH.png Graphic file (type png)
<use FondoUNAH.png>
Package pdftex.def Info: FondoUNAH.png  used on input line 438.
(pdftex.def)             Requested size: 364.20155pt x 273.14566pt.
 [58

]) (./EjerciciosParcial2.tex
Overfull \hbox (5.07085pt too wide) detected at line 17
[]
 []

File: FondoUNAH.png Graphic file (type png)
<use FondoUNAH.png>
Package pdftex.def Info: FondoUNAH.png  used on input line 17.
(pdftex.def)             Requested size: 364.20155pt x 273.14566pt.
[59

]
File: FondoUNAH.png Graphic file (type png)
<use FondoUNAH.png>
Package pdftex.def Info: FondoUNAH.png  used on input line 34.
(pdftex.def)             Requested size: 364.20155pt x 273.14566pt.
 [60

]
File: FondoUNAH.png Graphic file (type png)
<use FondoUNAH.png>
Package pdftex.def Info: FondoUNAH.png  used on input line 47.
(pdftex.def)             Requested size: 364.20155pt x 273.14566pt.
 [61

]
File: FondoUNAH.png Graphic file (type png)
<use FondoUNAH.png>
Package pdftex.def Info: FondoUNAH.png  used on input line 64.
(pdftex.def)             Requested size: 364.20155pt x 273.14566pt.
 [62

]
File: FondoUNAH.png Graphic file (type png)
<use FondoUNAH.png>
Package pdftex.def Info: FondoUNAH.png  used on input line 64.
(pdftex.def)             Requested size: 364.20155pt x 273.14566pt.
 [63

]
File: FondoUNAH.png Graphic file (type png)
<use FondoUNAH.png>
Package pdftex.def Info: FondoUNAH.png  used on input line 64.
(pdftex.def)             Requested size: 364.20155pt x 273.14566pt.
 [64

]
Overfull \vbox (7.78815pt too high) detected at line 83
 []

File: FondoUNAH.png Graphic file (type png)
<use FondoUNAH.png>
Package pdftex.def Info: FondoUNAH.png  used on input line 83.
(pdftex.def)             Requested size: 364.20155pt x 273.14566pt.
[65

]

Package amsmath Warning: Foreign command \over;
(amsmath)                \frac or \genfrac should be used instead
(amsmath)                 on input line 102.


Overfull \vbox (19.75017pt too high) detected at line 102
 []

File: FondoUNAH.png Graphic file (type png)
<use FondoUNAH.png>
Package pdftex.def Info: FondoUNAH.png  used on input line 102.
(pdftex.def)             Requested size: 364.20155pt x 273.14566pt.
[66

]
Overfull \vbox (19.75017pt too high) detected at line 102
 []

File: FondoUNAH.png Graphic file (type png)
<use FondoUNAH.png>
Package pdftex.def Info: FondoUNAH.png  used on input line 102.
(pdftex.def)             Requested size: 364.20155pt x 273.14566pt.
[67

]
File: FondoUNAH.png Graphic file (type png)
<use FondoUNAH.png>
Package pdftex.def Info: FondoUNAH.png  used on input line 132.
(pdftex.def)             Requested size: 364.20155pt x 273.14566pt.
 [68

]
File: FondoUNAH.png Graphic file (type png)
<use FondoUNAH.png>
Package pdftex.def Info: FondoUNAH.png  used on input line 132.
(pdftex.def)             Requested size: 364.20155pt x 273.14566pt.
 [69

]
File: FondoUNAH.png Graphic file (type png)
<use FondoUNAH.png>
Package pdftex.def Info: FondoUNAH.png  used on input line 132.
(pdftex.def)             Requested size: 364.20155pt x 273.14566pt.
 [70

]
File: FondoUNAH.png Graphic file (type png)
<use FondoUNAH.png>
Package pdftex.def Info: FondoUNAH.png  used on input line 132.
(pdftex.def)             Requested size: 364.20155pt x 273.14566pt.
 [71

]
\openout4 = `PresentacionClase.vrb'.

 (./PresentacionClase.vrb)
File: FondoUNAH.png Graphic file (type png)
<use FondoUNAH.png>
Package pdftex.def Info: FondoUNAH.png  used on input line 148.
(pdftex.def)             Requested size: 364.20155pt x 273.14566pt.
 [72

]
(./PresentacionClase.vrb)
File: FondoUNAH.png Graphic file (type png)
<use FondoUNAH.png>
Package pdftex.def Info: FondoUNAH.png  used on input line 148.
(pdftex.def)             Requested size: 364.20155pt x 273.14566pt.
 [73

] (./PresentacionClase.vrb)
File: FondoUNAH.png Graphic file (type png)
<use FondoUNAH.png>
Package pdftex.def Info: FondoUNAH.png  used on input line 148.
(pdftex.def)             Requested size: 364.20155pt x 273.14566pt.
 [74

]
File: FondoUNAH.png Graphic file (type png)
<use FondoUNAH.png>
Package pdftex.def Info: FondoUNAH.png  used on input line 165.
(pdftex.def)             Requested size: 364.20155pt x 273.14566pt.
 [75

]
File: FondoUNAH.png Graphic file (type png)
<use FondoUNAH.png>
Package pdftex.def Info: FondoUNAH.png  used on input line 165.
(pdftex.def)             Requested size: 364.20155pt x 273.14566pt.
 [76

]
Overfull \hbox (12.22017pt too wide) detected at line 180
\OMS/cmsy/m/n/7 j\OML/cmm/m/it/7 f\OT1/cmr/m/n/7 (\OML/cmm/m/it/7 x\OT1/cmr/m/n
/7 ) \OMS/cmsy/m/n/7 ^^@ \OML/cmm/m/it/7 P\OT1/cmr/m/n/7 (\OML/cmm/m/it/7 x\OT1
/cmr/m/n/7 )\OMS/cmsy/m/n/7 j \OT1/cmr/m/n/7 = [][](\OML/cmm/m/it/7 x \OMS/cmsy
/m/n/7 ^^@ \OT1/cmr/m/n/7 2)(\OML/cmm/m/it/7 x \OMS/cmsy/m/n/7 ^^@ \OT1/cmr/m/n
/7 2[]4)(\OML/cmm/m/it/7 x \OMS/cmsy/m/n/7 ^^@ \OT1/cmr/m/n/7 2[]6)[] \OMS/cmsy
/m/n/7 ^^T \OML/cmm/m/it/7 g[][][]f[]\OT1/cmr/m/n/7 (2)\OML/cmm/m/it/7 =\OT1/cm
r/m/n/7 6 \OMS/cmsy/m/n/7 ^^Y \OT1/cmr/m/n/7 9[]4574 \OMS/cmsy/m/n/7 ^^B \OT1/c
mr/m/n/7 10[]
 []

File: FondoUNAH.png Graphic file (type png)
<use FondoUNAH.png>
Package pdftex.def Info: FondoUNAH.png  used on input line 180.
(pdftex.def)             Requested size: 364.20155pt x 273.14566pt.
[77

]
Overfull \hbox (12.22017pt too wide) detected at line 180
\OMS/cmsy/m/n/7 j\OML/cmm/m/it/7 f\OT1/cmr/m/n/7 (\OML/cmm/m/it/7 x\OT1/cmr/m/n
/7 ) \OMS/cmsy/m/n/7 ^^@ \OML/cmm/m/it/7 P\OT1/cmr/m/n/7 (\OML/cmm/m/it/7 x\OT1
/cmr/m/n/7 )\OMS/cmsy/m/n/7 j \OT1/cmr/m/n/7 = [][](\OML/cmm/m/it/7 x \OMS/cmsy
/m/n/7 ^^@ \OT1/cmr/m/n/7 2)(\OML/cmm/m/it/7 x \OMS/cmsy/m/n/7 ^^@ \OT1/cmr/m/n
/7 2[]4)(\OML/cmm/m/it/7 x \OMS/cmsy/m/n/7 ^^@ \OT1/cmr/m/n/7 2[]6)[] \OMS/cmsy
/m/n/7 ^^T \OML/cmm/m/it/7 g[][][]f[]\OT1/cmr/m/n/7 (2)\OML/cmm/m/it/7 =\OT1/cm
r/m/n/7 6 \OMS/cmsy/m/n/7 ^^Y \OT1/cmr/m/n/7 9[]4574 \OMS/cmsy/m/n/7 ^^B \OT1/c
mr/m/n/7 10[]
 []

File: FondoUNAH.png Graphic file (type png)
<use FondoUNAH.png>
Package pdftex.def Info: FondoUNAH.png  used on input line 180.
(pdftex.def)             Requested size: 364.20155pt x 273.14566pt.
[78

]
File: FondoUNAH.png Graphic file (type png)
<use FondoUNAH.png>
Package pdftex.def Info: FondoUNAH.png  used on input line 202.
(pdftex.def)             Requested size: 364.20155pt x 273.14566pt.
 [79

]
<Imagen23.png, id=2144, 258.10715pt x 215.08928pt>
File: Imagen23.png Graphic file (type png)
<use Imagen23.png>
Package pdftex.def Info: Imagen23.png  used on input line 210.
(pdftex.def)             Requested size: 206.486pt x 172.07164pt.
File: FondoUNAH.png Graphic file (type png)
<use FondoUNAH.png>
Package pdftex.def Info: FondoUNAH.png  used on input line 210.
(pdftex.def)             Requested size: 364.20155pt x 273.14566pt.
 [80

 <./Imagen23.PNG>]
File: FondoUNAH.png Graphic file (type png)
<use FondoUNAH.png>
Package pdftex.def Info: FondoUNAH.png  used on input line 229.
(pdftex.def)             Requested size: 364.20155pt x 273.14566pt.
 [81

]
File: FondoUNAH.png Graphic file (type png)
<use FondoUNAH.png>
Package pdftex.def Info: FondoUNAH.png  used on input line 246.
(pdftex.def)             Requested size: 364.20155pt x 273.14566pt.
 [82

]
File: FondoUNAH.png Graphic file (type png)
<use FondoUNAH.png>
Package pdftex.def Info: FondoUNAH.png  used on input line 263.
(pdftex.def)             Requested size: 364.20155pt x 273.14566pt.
 [83

]
File: FondoUNAH.png Graphic file (type png)
<use FondoUNAH.png>
Package pdftex.def Info: FondoUNAH.png  used on input line 263.
(pdftex.def)             Requested size: 364.20155pt x 273.14566pt.
 [84

]
Overfull \hbox (22.52293pt too wide) detected at line 281
[]
 []

File: FondoUNAH.png Graphic file (type png)
<use FondoUNAH.png>
Package pdftex.def Info: FondoUNAH.png  used on input line 281.
(pdftex.def)             Requested size: 364.20155pt x 273.14566pt.
[85

]
Overfull \hbox (22.52293pt too wide) detected at line 281
[]
 []

File: FondoUNAH.png Graphic file (type png)
<use FondoUNAH.png>
Package pdftex.def Info: FondoUNAH.png  used on input line 281.
(pdftex.def)             Requested size: 364.20155pt x 273.14566pt.
[86

]
Overfull \hbox (22.52293pt too wide) detected at line 281
[]
 []

File: FondoUNAH.png Graphic file (type png)
<use FondoUNAH.png>
Package pdftex.def Info: FondoUNAH.png  used on input line 281.
(pdftex.def)             Requested size: 364.20155pt x 273.14566pt.
[87

]
Overfull \hbox (22.52293pt too wide) detected at line 281
[]
 []

File: FondoUNAH.png Graphic file (type png)
<use FondoUNAH.png>
Package pdftex.def Info: FondoUNAH.png  used on input line 281.
(pdftex.def)             Requested size: 364.20155pt x 273.14566pt.
[88

]
Overfull \hbox (22.52293pt too wide) detected at line 281
[]
 []

File: FondoUNAH.png Graphic file (type png)
<use FondoUNAH.png>
Package pdftex.def Info: FondoUNAH.png  used on input line 281.
(pdftex.def)             Requested size: 364.20155pt x 273.14566pt.
[89

]
Overfull \hbox (22.52293pt too wide) detected at line 281
[]
 []

File: FondoUNAH.png Graphic file (type png)
<use FondoUNAH.png>
Package pdftex.def Info: FondoUNAH.png  used on input line 281.
(pdftex.def)             Requested size: 364.20155pt x 273.14566pt.
[90

]
Overfull \hbox (22.52293pt too wide) detected at line 281
[]
 []

File: FondoUNAH.png Graphic file (type png)
<use FondoUNAH.png>
Package pdftex.def Info: FondoUNAH.png  used on input line 281.
(pdftex.def)             Requested size: 364.20155pt x 273.14566pt.
[91

]
File: FondoUNAH.png Graphic file (type png)
<use FondoUNAH.png>
Package pdftex.def Info: FondoUNAH.png  used on input line 298.
(pdftex.def)             Requested size: 364.20155pt x 273.14566pt.
 [92

]
File: FondoUNAH.png Graphic file (type png)
<use FondoUNAH.png>
Package pdftex.def Info: FondoUNAH.png  used on input line 298.
(pdftex.def)             Requested size: 364.20155pt x 273.14566pt.
 [93

]
File: FondoUNAH.png Graphic file (type png)
<use FondoUNAH.png>
Package pdftex.def Info: FondoUNAH.png  used on input line 298.
(pdftex.def)             Requested size: 364.20155pt x 273.14566pt.
 [94

]
File: FondoUNAH.png Graphic file (type png)
<use FondoUNAH.png>
Package pdftex.def Info: FondoUNAH.png  used on input line 298.
(pdftex.def)             Requested size: 364.20155pt x 273.14566pt.
 [95

]
File: FondoUNAH.png Graphic file (type png)
<use FondoUNAH.png>
Package pdftex.def Info: FondoUNAH.png  used on input line 298.
(pdftex.def)             Requested size: 364.20155pt x 273.14566pt.
 [96

]
File: FondoUNAH.png Graphic file (type png)
<use FondoUNAH.png>
Package pdftex.def Info: FondoUNAH.png  used on input line 298.
(pdftex.def)             Requested size: 364.20155pt x 273.14566pt.
 [97

]
File: FondoUNAH.png Graphic file (type png)
<use FondoUNAH.png>
Package pdftex.def Info: FondoUNAH.png  used on input line 314.
(pdftex.def)             Requested size: 364.20155pt x 273.14566pt.
 [98

]
File: FondoUNAH.png Graphic file (type png)
<use FondoUNAH.png>
Package pdftex.def Info: FondoUNAH.png  used on input line 314.
(pdftex.def)             Requested size: 364.20155pt x 273.14566pt.
 [99

]
File: FondoUNAH.png Graphic file (type png)
<use FondoUNAH.png>
Package pdftex.def Info: FondoUNAH.png  used on input line 314.
(pdftex.def)             Requested size: 364.20155pt x 273.14566pt.
 [100

]
File: FondoUNAH.png Graphic file (type png)
<use FondoUNAH.png>
Package pdftex.def Info: FondoUNAH.png  used on input line 326.
(pdftex.def)             Requested size: 364.20155pt x 273.14566pt.
 [101

]
File: FondoUNAH.png Graphic file (type png)
<use FondoUNAH.png>
Package pdftex.def Info: FondoUNAH.png  used on input line 326.
(pdftex.def)             Requested size: 364.20155pt x 273.14566pt.
 [102

]
File: FondoUNAH.png Graphic file (type png)
<use FondoUNAH.png>
Package pdftex.def Info: FondoUNAH.png  used on input line 342.
(pdftex.def)             Requested size: 364.20155pt x 273.14566pt.
 [103

]
File: FondoUNAH.png Graphic file (type png)
<use FondoUNAH.png>
Package pdftex.def Info: FondoUNAH.png  used on input line 342.
(pdftex.def)             Requested size: 364.20155pt x 273.14566pt.
 [104

]
File: FondoUNAH.png Graphic file (type png)
<use FondoUNAH.png>
Package pdftex.def Info: FondoUNAH.png  used on input line 342.
(pdftex.def)             Requested size: 364.20155pt x 273.14566pt.

[105

]
File: FondoUNAH.png Graphic file (type png)
<use FondoUNAH.png>
Package pdftex.def Info: FondoUNAH.png  used on input line 342.
(pdftex.def)             Requested size: 364.20155pt x 273.14566pt.
 [106

]
File: FondoUNAH.png Graphic file (type png)
<use FondoUNAH.png>
Package pdftex.def Info: FondoUNAH.png  used on input line 342.
(pdftex.def)             Requested size: 364.20155pt x 273.14566pt.
 [107

]
File: FondoUNAH.png Graphic file (type png)
<use FondoUNAH.png>
Package pdftex.def Info: FondoUNAH.png  used on input line 342.
(pdftex.def)             Requested size: 364.20155pt x 273.14566pt.
 [108

]
File: FondoUNAH.png Graphic file (type png)
<use FondoUNAH.png>
Package pdftex.def Info: FondoUNAH.png  used on input line 364.
(pdftex.def)             Requested size: 364.20155pt x 273.14566pt.
 [109

]
File: FondoUNAH.png Graphic file (type png)
<use FondoUNAH.png>
Package pdftex.def Info: FondoUNAH.png  used on input line 364.
(pdftex.def)             Requested size: 364.20155pt x 273.14566pt.
 [110

]
File: FondoUNAH.png Graphic file (type png)
<use FondoUNAH.png>
Package pdftex.def Info: FondoUNAH.png  used on input line 364.
(pdftex.def)             Requested size: 364.20155pt x 273.14566pt.
 [111

]
File: FondoUNAH.png Graphic file (type png)
<use FondoUNAH.png>
Package pdftex.def Info: FondoUNAH.png  used on input line 364.
(pdftex.def)             Requested size: 364.20155pt x 273.14566pt.
 [112

]
File: FondoUNAH.png Graphic file (type png)
<use FondoUNAH.png>
Package pdftex.def Info: FondoUNAH.png  used on input line 364.
(pdftex.def)             Requested size: 364.20155pt x 273.14566pt.
 [113

]
File: FondoUNAH.png Graphic file (type png)
<use FondoUNAH.png>
Package pdftex.def Info: FondoUNAH.png  used on input line 364.
(pdftex.def)             Requested size: 364.20155pt x 273.14566pt.
 [114

]
File: FondoUNAH.png Graphic file (type png)
<use FondoUNAH.png>
Package pdftex.def Info: FondoUNAH.png  used on input line 364.
(pdftex.def)             Requested size: 364.20155pt x 273.14566pt.
 [115

]
File: FondoUNAH.png Graphic file (type png)
<use FondoUNAH.png>
Package pdftex.def Info: FondoUNAH.png  used on input line 364.
(pdftex.def)             Requested size: 364.20155pt x 273.14566pt.
 [116

]
File: FondoUNAH.png Graphic file (type png)
<use FondoUNAH.png>
Package pdftex.def Info: FondoUNAH.png  used on input line 370.
(pdftex.def)             Requested size: 364.20155pt x 273.14566pt.

[117

]) (./EjerciciosParcial1.tex
File: FondoUNAH.png Graphic file (type png)
<use FondoUNAH.png>
Package pdftex.def Info: FondoUNAH.png  used on input line 18.
(pdftex.def)             Requested size: 364.20155pt x 273.14566pt.
 [118

]
File: FondoUNAH.png Graphic file (type png)
<use FondoUNAH.png>
Package pdftex.def Info: FondoUNAH.png  used on input line 18.
(pdftex.def)             Requested size: 364.20155pt x 273.14566pt.
 [119

]
File: FondoUNAH.png Graphic file (type png)
<use FondoUNAH.png>
Package pdftex.def Info: FondoUNAH.png  used on input line 18.
(pdftex.def)             Requested size: 364.20155pt x 273.14566pt.
 [120

]
File: FondoUNAH.png Graphic file (type png)
<use FondoUNAH.png>
Package pdftex.def Info: FondoUNAH.png  used on input line 18.
(pdftex.def)             Requested size: 364.20155pt x 273.14566pt.
 [121

]
File: FondoUNAH.png Graphic file (type png)
<use FondoUNAH.png>
Package pdftex.def Info: FondoUNAH.png  used on input line 18.
(pdftex.def)             Requested size: 364.20155pt x 273.14566pt.
 [122

]
File: FondoUNAH.png Graphic file (type png)
<use FondoUNAH.png>
Package pdftex.def Info: FondoUNAH.png  used on input line 18.
(pdftex.def)             Requested size: 364.20155pt x 273.14566pt.
 [123

]
File: FondoUNAH.png Graphic file (type png)
<use FondoUNAH.png>
Package pdftex.def Info: FondoUNAH.png  used on input line 34.
(pdftex.def)             Requested size: 364.20155pt x 273.14566pt.
 [124

]
File: FondoUNAH.png Graphic file (type png)
<use FondoUNAH.png>
Package pdftex.def Info: FondoUNAH.png  used on input line 34.
(pdftex.def)             Requested size: 364.20155pt x 273.14566pt.

[125

]
File: FondoUNAH.png Graphic file (type png)
<use FondoUNAH.png>
Package pdftex.def Info: FondoUNAH.png  used on input line 34.
(pdftex.def)             Requested size: 364.20155pt x 273.14566pt.
 [126

]
File: FondoUNAH.png Graphic file (type png)
<use FondoUNAH.png>
Package pdftex.def Info: FondoUNAH.png  used on input line 34.
(pdftex.def)             Requested size: 364.20155pt x 273.14566pt.
 [127

]
File: FondoUNAH.png Graphic file (type png)
<use FondoUNAH.png>
Package pdftex.def Info: FondoUNAH.png  used on input line 34.
(pdftex.def)             Requested size: 364.20155pt x 273.14566pt.
 [128

]
File: FondoUNAH.png Graphic file (type png)
<use FondoUNAH.png>
Package pdftex.def Info: FondoUNAH.png  used on input line 34.
(pdftex.def)             Requested size: 364.20155pt x 273.14566pt.
 [129

]
File: FondoUNAH.png Graphic file (type png)
<use FondoUNAH.png>
Package pdftex.def Info: FondoUNAH.png  used on input line 51.
(pdftex.def)             Requested size: 364.20155pt x 273.14566pt.
 [130

]
File: FondoUNAH.png Graphic file (type png)
<use FondoUNAH.png>
Package pdftex.def Info: FondoUNAH.png  used on input line 51.
(pdftex.def)             Requested size: 364.20155pt x 273.14566pt.
 [131

]
File: FondoUNAH.png Graphic file (type png)
<use FondoUNAH.png>
Package pdftex.def Info: FondoUNAH.png  used on input line 51.
(pdftex.def)             Requested size: 364.20155pt x 273.14566pt.
 [132

]
File: FondoUNAH.png Graphic file (type png)
<use FondoUNAH.png>
Package pdftex.def Info: FondoUNAH.png  used on input line 51.
(pdftex.def)             Requested size: 364.20155pt x 273.14566pt.
 [133

]
File: FondoUNAH.png Graphic file (type png)
<use FondoUNAH.png>
Package pdftex.def Info: FondoUNAH.png  used on input line 51.
(pdftex.def)             Requested size: 364.20155pt x 273.14566pt.
 [134

]
File: FondoUNAH.png Graphic file (type png)
<use FondoUNAH.png>
Package pdftex.def Info: FondoUNAH.png  used on input line 66.
(pdftex.def)             Requested size: 364.20155pt x 273.14566pt.
 [135

]
File: FondoUNAH.png Graphic file (type png)
<use FondoUNAH.png>
Package pdftex.def Info: FondoUNAH.png  used on input line 66.
(pdftex.def)             Requested size: 364.20155pt x 273.14566pt.
 [136

]
File: FondoUNAH.png Graphic file (type png)
<use FondoUNAH.png>
Package pdftex.def Info: FondoUNAH.png  used on input line 66.
(pdftex.def)             Requested size: 364.20155pt x 273.14566pt.

[137

]
<Imagen16.png, id=3642, 258.10715pt x 215.08928pt>
File: Imagen16.png Graphic file (type png)
<use Imagen16.png>
Package pdftex.def Info: Imagen16.png  used on input line 87.
(pdftex.def)             Requested size: 129.05325pt x 107.54437pt.
File: FondoUNAH.png Graphic file (type png)
<use FondoUNAH.png>
Package pdftex.def Info: FondoUNAH.png  used on input line 87.
(pdftex.def)             Requested size: 364.20155pt x 273.14566pt.
 [138

 <./Imagen16.PNG>]
File: Imagen16.png Graphic file (type png)
<use Imagen16.png>
Package pdftex.def Info: Imagen16.png  used on input line 87.
(pdftex.def)             Requested size: 129.05325pt x 107.54437pt.
File: FondoUNAH.png Graphic file (type png)
<use FondoUNAH.png>
Package pdftex.def Info: FondoUNAH.png  used on input line 87.
(pdftex.def)             Requested size: 364.20155pt x 273.14566pt.
 [139

]
File: Imagen16.png Graphic file (type png)
<use Imagen16.png>
Package pdftex.def Info: Imagen16.png  used on input line 87.
(pdftex.def)             Requested size: 129.05325pt x 107.54437pt.
File: FondoUNAH.png Graphic file (type png)
<use FondoUNAH.png>
Package pdftex.def Info: FondoUNAH.png  used on input line 87.
(pdftex.def)             Requested size: 364.20155pt x 273.14566pt.
 [140

]
File: FondoUNAH.png Graphic file (type png)
<use FondoUNAH.png>
Package pdftex.def Info: FondoUNAH.png  used on input line 102.
(pdftex.def)             Requested size: 364.20155pt x 273.14566pt.
 [141

]
File: FondoUNAH.png Graphic file (type png)
<use FondoUNAH.png>
Package pdftex.def Info: FondoUNAH.png  used on input line 102.
(pdftex.def)             Requested size: 364.20155pt x 273.14566pt.
 [142

]
\openout4 = `PresentacionClase.vrb'.

 (./PresentacionClase.vrb
LaTeX Font Info:    Font shape `OMS/cmr/m/n' in size <9> not available
(Font)              Font shape `OMS/cmsy/m/n' tried instead on input line 8.
)
File: FondoUNAH.png Graphic file (type png)
<use FondoUNAH.png>
Package pdftex.def Info: FondoUNAH.png  used on input line 125.
(pdftex.def)             Requested size: 364.20155pt x 273.14566pt.

[143

] (./PresentacionClase.vrb)
File: FondoUNAH.png Graphic file (type png)
<use FondoUNAH.png>
Package pdftex.def Info: FondoUNAH.png  used on input line 125.
(pdftex.def)             Requested size: 364.20155pt x 273.14566pt.
 [144

]
File: FondoUNAH.png Graphic file (type png)
<use FondoUNAH.png>
Package pdftex.def Info: FondoUNAH.png  used on input line 145.
(pdftex.def)             Requested size: 364.20155pt x 273.14566pt.
 [145

]
File: FondoUNAH.png Graphic file (type png)
<use FondoUNAH.png>
Package pdftex.def Info: FondoUNAH.png  used on input line 145.
(pdftex.def)             Requested size: 364.20155pt x 273.14566pt.
 [146

]
File: FondoUNAH.png Graphic file (type png)
<use FondoUNAH.png>
Package pdftex.def Info: FondoUNAH.png  used on input line 145.
(pdftex.def)             Requested size: 364.20155pt x 273.14566pt.
 [147

]
File: FondoUNAH.png Graphic file (type png)
<use FondoUNAH.png>
Package pdftex.def Info: FondoUNAH.png  used on input line 169.
(pdftex.def)             Requested size: 364.20155pt x 273.14566pt.
 [148

]
File: FondoUNAH.png Graphic file (type png)
<use FondoUNAH.png>
Package pdftex.def Info: FondoUNAH.png  used on input line 169.
(pdftex.def)             Requested size: 364.20155pt x 273.14566pt.
 [149

]
File: FondoUNAH.png Graphic file (type png)
<use FondoUNAH.png>
Package pdftex.def Info: FondoUNAH.png  used on input line 169.
(pdftex.def)             Requested size: 364.20155pt x 273.14566pt.
 [150

]
File: FondoUNAH.png Graphic file (type png)
<use FondoUNAH.png>
Package pdftex.def Info: FondoUNAH.png  used on input line 186.
(pdftex.def)             Requested size: 364.20155pt x 273.14566pt.

[151

]
File: FondoUNAH.png Graphic file (type png)
<use FondoUNAH.png>
Package pdftex.def Info: FondoUNAH.png  used on input line 186.
(pdftex.def)             Requested size: 364.20155pt x 273.14566pt.
 [152

]
Overfull \hbox (5.46875pt too wide) detected at line 199
[]
 []

File: FondoUNAH.png Graphic file (type png)
<use FondoUNAH.png>
Package pdftex.def Info: FondoUNAH.png  used on input line 199.
(pdftex.def)             Requested size: 364.20155pt x 273.14566pt.
[153

]
Overfull \hbox (5.46875pt too wide) detected at line 199
[]
 []

File: FondoUNAH.png Graphic file (type png)
<use FondoUNAH.png>
Package pdftex.def Info: FondoUNAH.png  used on input line 199.
(pdftex.def)             Requested size: 364.20155pt x 273.14566pt.
[154

]
Overfull \hbox (5.46875pt too wide) detected at line 199
[]
 []

File: FondoUNAH.png Graphic file (type png)
<use FondoUNAH.png>
Package pdftex.def Info: FondoUNAH.png  used on input line 199.
(pdftex.def)             Requested size: 364.20155pt x 273.14566pt.
[155

]
Overfull \hbox (5.46875pt too wide) detected at line 199
[]
 []

File: FondoUNAH.png Graphic file (type png)
<use FondoUNAH.png>
Package pdftex.def Info: FondoUNAH.png  used on input line 199.
(pdftex.def)             Requested size: 364.20155pt x 273.14566pt.
[156

]
\openout4 = `PresentacionClase.vrb'.

 (./PresentacionClase.vrb)
File: FondoUNAH.png Graphic file (type png)
<use FondoUNAH.png>
Package pdftex.def Info: FondoUNAH.png  used on input line 212.
(pdftex.def)             Requested size: 364.20155pt x 273.14566pt.
 [157

] (./PresentacionClase.vrb)
File: FondoUNAH.png Graphic file (type png)
<use FondoUNAH.png>
Package pdftex.def Info: FondoUNAH.png  used on input line 212.
(pdftex.def)             Requested size: 364.20155pt x 273.14566pt.
 [158

]
File: FondoUNAH.png Graphic file (type png)
<use FondoUNAH.png>
Package pdftex.def Info: FondoUNAH.png  used on input line 229.
(pdftex.def)             Requested size: 364.20155pt x 273.14566pt.
 [159

]
File: FondoUNAH.png Graphic file (type png)
<use FondoUNAH.png>
Package pdftex.def Info: FondoUNAH.png  used on input line 229.
(pdftex.def)             Requested size: 364.20155pt x 273.14566pt.

[160

]
File: FondoUNAH.png Graphic file (type png)
<use FondoUNAH.png>
Package pdftex.def Info: FondoUNAH.png  used on input line 229.
(pdftex.def)             Requested size: 364.20155pt x 273.14566pt.
 [161

]
File: FondoUNAH.png Graphic file (type png)
<use FondoUNAH.png>
Package pdftex.def Info: FondoUNAH.png  used on input line 229.
(pdftex.def)             Requested size: 364.20155pt x 273.14566pt.
 [162

]
\openout4 = `PresentacionClase.vrb'.

 (./PresentacionClase.vrb)
File: FondoUNAH.png Graphic file (type png)
<use FondoUNAH.png>
Package pdftex.def Info: FondoUNAH.png  used on input line 252.
(pdftex.def)             Requested size: 364.20155pt x 273.14566pt.
 [163

] (./PresentacionClase.vrb)
File: FondoUNAH.png Graphic file (type png)
<use FondoUNAH.png>
Package pdftex.def Info: FondoUNAH.png  used on input line 252.
(pdftex.def)             Requested size: 364.20155pt x 273.14566pt.

[164

] (./PresentacionClase.vrb)
File: FondoUNAH.png Graphic file (type png)
<use FondoUNAH.png>
Package pdftex.def Info: FondoUNAH.png  used on input line 252.
(pdftex.def)             Requested size: 364.20155pt x 273.14566pt.
 [165

] (./PresentacionClase.vrb)
File: FondoUNAH.png Graphic file (type png)
<use FondoUNAH.png>
Package pdftex.def Info: FondoUNAH.png  used on input line 252.
(pdftex.def)             Requested size: 364.20155pt x 273.14566pt.
 [166

]
\openout4 = `PresentacionClase.vrb'.


(./PresentacionClase.vrb
Overfull \hbox (3.26855pt too wide) detected at line 27
[]
 []

)
File: FondoUNAH.png Graphic file (type png)
<use FondoUNAH.png>
Package pdftex.def Info: FondoUNAH.png  used on input line 281.
(pdftex.def)             Requested size: 364.20155pt x 273.14566pt.
 [167

]
\openout4 = `PresentacionClase.vrb'.

 (./PresentacionClase.vrb)
File: FondoUNAH.png Graphic file (type png)
<use FondoUNAH.png>
Package pdftex.def Info: FondoUNAH.png  used on input line 311.
(pdftex.def)             Requested size: 364.20155pt x 273.14566pt.
 [168

] (./PresentacionClase.vrb)
File: FondoUNAH.png Graphic file (type png)
<use FondoUNAH.png>
Package pdftex.def Info: FondoUNAH.png  used on input line 311.
(pdftex.def)             Requested size: 364.20155pt x 273.14566pt.
 [169

]
\openout4 = `PresentacionClase.vrb'.


(./PresentacionClase.vrb
Overfull \hbox (0.24428pt too wide) in paragraph at lines 40--41
[][][][][][][][][][][][][][][][][][][][][][][][][][][][][] 
 []


Overfull \hbox (0.24428pt too wide) in paragraph at lines 41--42
[][][][][][][][][][][][][][][][][][][][][][][][][][][][][] 
 []


Overfull \hbox (0.24428pt too wide) in paragraph at lines 42--43
[][][][][][][][][][][][][][][][][][][][][][][][][][][][][] 
 []

)
File: FondoUNAH.png Graphic file (type png)
<use FondoUNAH.png>
Package pdftex.def Info: FondoUNAH.png  used on input line 357.
(pdftex.def)             Requested size: 364.20155pt x 273.14566pt.
 [170

]
\openout4 = `PresentacionClase.vrb'.

 (./PresentacionClase.vrb)
File: FondoUNAH.png Graphic file (type png)
<use FondoUNAH.png>
Package pdftex.def Info: FondoUNAH.png  used on input line 373.
(pdftex.def)             Requested size: 364.20155pt x 273.14566pt.
 [171

] (./PresentacionClase.vrb)
File: FondoUNAH.png Graphic file (type png)
<use FondoUNAH.png>
Package pdftex.def Info: FondoUNAH.png  used on input line 373.
(pdftex.def)             Requested size: 364.20155pt x 273.14566pt.
 [172

]
(./PresentacionClase.vrb)
File: FondoUNAH.png Graphic file (type png)
<use FondoUNAH.png>
Package pdftex.def Info: FondoUNAH.png  used on input line 373.
(pdftex.def)             Requested size: 364.20155pt x 273.14566pt.
 [173

]
File: FondoUNAH.png Graphic file (type png)
<use FondoUNAH.png>
Package pdftex.def Info: FondoUNAH.png  used on input line 390.
(pdftex.def)             Requested size: 364.20155pt x 273.14566pt.
 [174

]
File: FondoUNAH.png Graphic file (type png)
<use FondoUNAH.png>
Package pdftex.def Info: FondoUNAH.png  used on input line 390.
(pdftex.def)             Requested size: 364.20155pt x 273.14566pt.
 [175

]
Overfull \hbox (12.22017pt too wide) detected at line 405
\OMS/cmsy/m/n/7 j\OML/cmm/m/it/7 f\OT1/cmr/m/n/7 (\OML/cmm/m/it/7 x\OT1/cmr/m/n
/7 ) \OMS/cmsy/m/n/7 ^^@ \OML/cmm/m/it/7 P\OT1/cmr/m/n/7 (\OML/cmm/m/it/7 x\OT1
/cmr/m/n/7 )\OMS/cmsy/m/n/7 j \OT1/cmr/m/n/7 = [][](\OML/cmm/m/it/7 x \OMS/cmsy
/m/n/7 ^^@ \OT1/cmr/m/n/7 2)(\OML/cmm/m/it/7 x \OMS/cmsy/m/n/7 ^^@ \OT1/cmr/m/n
/7 2[]4)(\OML/cmm/m/it/7 x \OMS/cmsy/m/n/7 ^^@ \OT1/cmr/m/n/7 2[]6)[] \OMS/cmsy
/m/n/7 ^^T \OML/cmm/m/it/7 g[][][]f[]\OT1/cmr/m/n/7 (2)\OML/cmm/m/it/7 =\OT1/cm
r/m/n/7 6 \OMS/cmsy/m/n/7 ^^Y \OT1/cmr/m/n/7 9[]4574 \OMS/cmsy/m/n/7 ^^B \OT1/c
mr/m/n/7 10[]
 []

File: FondoUNAH.png Graphic file (type png)
<use FondoUNAH.png>
Package pdftex.def Info: FondoUNAH.png  used on input line 405.
(pdftex.def)             Requested size: 364.20155pt x 273.14566pt.
[176

]
Overfull \hbox (12.22017pt too wide) detected at line 405
\OMS/cmsy/m/n/7 j\OML/cmm/m/it/7 f\OT1/cmr/m/n/7 (\OML/cmm/m/it/7 x\OT1/cmr/m/n
/7 ) \OMS/cmsy/m/n/7 ^^@ \OML/cmm/m/it/7 P\OT1/cmr/m/n/7 (\OML/cmm/m/it/7 x\OT1
/cmr/m/n/7 )\OMS/cmsy/m/n/7 j \OT1/cmr/m/n/7 = [][](\OML/cmm/m/it/7 x \OMS/cmsy
/m/n/7 ^^@ \OT1/cmr/m/n/7 2)(\OML/cmm/m/it/7 x \OMS/cmsy/m/n/7 ^^@ \OT1/cmr/m/n
/7 2[]4)(\OML/cmm/m/it/7 x \OMS/cmsy/m/n/7 ^^@ \OT1/cmr/m/n/7 2[]6)[] \OMS/cmsy
/m/n/7 ^^T \OML/cmm/m/it/7 g[][][]f[]\OT1/cmr/m/n/7 (2)\OML/cmm/m/it/7 =\OT1/cm
r/m/n/7 6 \OMS/cmsy/m/n/7 ^^Y \OT1/cmr/m/n/7 9[]4574 \OMS/cmsy/m/n/7 ^^B \OT1/c
mr/m/n/7 10[]
 []

File: FondoUNAH.png Graphic file (type png)
<use FondoUNAH.png>
Package pdftex.def Info: FondoUNAH.png  used on input line 405.
(pdftex.def)             Requested size: 364.20155pt x 273.14566pt.
[177

]
Overfull \hbox (5.07085pt too wide) detected at line 422
[]
 []

File: FondoUNAH.png Graphic file (type png)
<use FondoUNAH.png>
Package pdftex.def Info: FondoUNAH.png  used on input line 422.
(pdftex.def)             Requested size: 364.20155pt x 273.14566pt.
[178

]
File: FondoUNAH.png Graphic file (type png)
<use FondoUNAH.png>
Package pdftex.def Info: FondoUNAH.png  used on input line 438.
(pdftex.def)             Requested size: 364.20155pt x 273.14566pt.
 [179

])
File: FondoUNAH.png Graphic file (type png)
<use FondoUNAH.png>
Package pdftex.def Info: FondoUNAH.png  used on input line 27.
(pdftex.def)             Requested size: 364.20155pt x 273.14566pt.
 [180

 <c:/texlive/2019/texmf-dist/tex/latex/beamer/beamericonarticle.pdf>]
\tf@nav=\write7
\openout7 = `PresentacionClase.nav'.

\tf@toc=\write8
\openout8 = `PresentacionClase.toc'.

\tf@snm=\write9
\openout9 = `PresentacionClase.snm'.

Package atveryend Info: Empty hook `BeforeClearDocument' on input line 28.
Package atveryend Info: Empty hook `AfterLastShipout' on input line 28.
 (./PresentacionClase.aux
LaTeX Info: Redefining \sptext on input line 31.
LaTeX Info: Redefining \. on input line 31.
LaTeX Info: Redefining \% on input line 31.
)
Package atveryend Info: Executing hook `AtVeryEndDocument' on input line 28.
Package atveryend Info: Executing hook `AtEndAfterFileList' on input line 28.
Package rerunfilecheck Info: File `PresentacionClase.out' has not changed.
(rerunfilecheck)             Checksum: 84288DF432A54DCB5D497E6748D962DF;274.
Package logreq Info: Writing requests to 'PresentacionClase.run.xml'.
\openout1 = `PresentacionClase.run.xml'.

 ) 
Here is how much of TeX's memory you used:
 30793 strings out of 480994
 562145 string characters out of 5916032
 1232138 words of memory out of 5000000
 45262 multiletter control sequences out of 15000+600000
 541507 words of font info for 59 fonts, out of 8000000 for 9000
 1141 hyphenation exceptions out of 8191
 58i,18n,88p,822b,2356s stack positions out of 5000i,500n,10000p,200000b,80000s
{c:/texlive/2019/texmf-dist/fonts/enc/dvips/cm-super/cm-super-ts1.enc}<c:/tex
live/2019/texmf-dist/fonts/type1/public/amsfonts/cm/cmbx10.pfb><c:/texlive/2019
/texmf-dist/fonts/type1/public/amsfonts/cm/cmbx12.pfb><c:/texlive/2019/texmf-di
st/fonts/type1/public/amsfonts/cm/cmbx9.pfb><c:/texlive/2019/texmf-dist/fonts/t
ype1/public/amsfonts/cm/cmex10.pfb><c:/texlive/2019/texmf-dist/fonts/type1/publ
ic/amsfonts/cmextra/cmex7.pfb><c:/texlive/2019/texmf-dist/fonts/type1/public/am
sfonts/cmextra/cmex9.pfb><c:/texlive/2019/texmf-dist/fonts/type1/public/amsfont
s/cm/cmmi10.pfb><c:/texlive/2019/texmf-dist/fonts/type1/public/amsfonts/cm/cmmi
5.pfb><c:/texlive/2019/texmf-dist/fonts/type1/public/amsfonts/cm/cmmi6.pfb><c:/
texlive/2019/texmf-dist/fonts/type1/public/amsfonts/cm/cmmi7.pfb><c:/texlive/20
19/texmf-dist/fonts/type1/public/amsfonts/cm/cmmi9.pfb><c:/texlive/2019/texmf-d
ist/fonts/type1/public/amsfonts/cm/cmr10.pfb><c:/texlive/2019/texmf-dist/fonts/
type1/public/amsfonts/cm/cmr12.pfb><c:/texlive/2019/texmf-dist/fonts/type1/publ
ic/amsfonts/cm/cmr5.pfb><c:/texlive/2019/texmf-dist/fonts/type1/public/amsfonts
/cm/cmr6.pfb><c:/texlive/2019/texmf-dist/fonts/type1/public/amsfonts/cm/cmr7.pf
b><c:/texlive/2019/texmf-dist/fonts/type1/public/amsfonts/cm/cmr9.pfb><c:/texli
ve/2019/texmf-dist/fonts/type1/public/amsfonts/cm/cmsy10.pfb><c:/texlive/2019/t
exmf-dist/fonts/type1/public/amsfonts/cm/cmsy5.pfb><c:/texlive/2019/texmf-dist/
fonts/type1/public/amsfonts/cm/cmsy6.pfb><c:/texlive/2019/texmf-dist/fonts/type
1/public/amsfonts/cm/cmsy7.pfb><c:/texlive/2019/texmf-dist/fonts/type1/public/a
msfonts/cm/cmsy9.pfb><c:/texlive/2019/texmf-dist/fonts/type1/public/amsfonts/cm
/cmti10.pfb><c:/texlive/2019/texmf-dist/fonts/type1/public/amsfonts/symbols/msb
m10.pfb><c:/texlive/2019/texmf-dist/fonts/type1/public/cm-super/sfrm0900.pfb><c
:/texlive/2019/texmf-dist/fonts/type1/public/cm-super/sfrm1000.pfb>
Output written on PresentacionClase.pdf (180 pages, 1829212 bytes).
PDF statistics:
 4928 PDF objects out of 5155 (max. 8388607)
 4636 compressed objects within 47 object streams
 394 named destinations out of 1000 (max. 500000)
 163 words of extra memory for PDF output out of 10000 (max. 10000000)

